<?xml version="1.0" encoding="UTF-8"?>
<coverage generated="1527849505374" clover="3.2.0">
  <project timestamp="1527849505374" name="All files">
    <metrics statements="403" coveredstatements="337" conditionals="74" coveredconditionals="38" methods="144" coveredmethods="109" elements="621" coveredelements="484" complexity="0" loc="403" ncloc="403" packages="11" files="25" classes="25">
      <package name="src">
        <metrics statements="28" coveredstatements="24" conditionals="2" coveredconditionals="1" methods="4" coveredmethods="2"/>
        <file name="app.ts" path="C:\Users\pedro.gabriel\Documents\PersonalStuff\KroilonGamification\KroilonApiV2\src\app.ts">
          <metrics statements="28" coveredstatements="24" conditionals="2" coveredconditionals="1" methods="4" coveredmethods="2"/>
          <line num="1" count="4" type="stmt"/>
          <line num="2" count="4" type="stmt"/>
          <line num="3" count="4" type="stmt"/>
          <line num="4" count="4" type="stmt"/>
          <line num="5" count="4" type="stmt"/>
          <line num="6" count="4" type="stmt"/>
          <line num="7" count="4" type="stmt"/>
          <line num="8" count="4" type="stmt"/>
          <line num="10" count="4" type="stmt"/>
          <line num="13" count="4" type="stmt"/>
          <line num="16" count="4" type="stmt"/>
          <line num="17" count="4" type="stmt"/>
          <line num="19" count="4" type="stmt"/>
          <line num="20" count="4" type="stmt"/>
          <line num="23" count="4" type="stmt"/>
          <line num="24" count="12" type="stmt"/>
          <line num="29" count="4" type="cond" truecount="1" falsecount="1"/>
          <line num="31" count="0" type="stmt"/>
          <line num="35" count="4" type="stmt"/>
          <line num="36" count="0" type="stmt"/>
          <line num="37" count="0" type="stmt"/>
          <line num="41" count="4" type="stmt"/>
          <line num="42" count="0" type="stmt"/>
          <line num="46" count="4" type="stmt"/>
          <line num="47" count="1" type="stmt"/>
          <line num="48" count="1" type="stmt"/>
          <line num="49" count="1" type="stmt"/>
          <line num="53" count="4" type="stmt"/>
        </file>
      </package>
      <package name="src.1presentation.controllers">
        <metrics statements="155" coveredstatements="119" conditionals="25" coveredconditionals="11" methods="47" coveredmethods="36"/>
        <file name="AcademyController.ts" path="C:\Users\pedro.gabriel\Documents\PersonalStuff\KroilonGamification\KroilonApiV2\src\1presentation\controllers\AcademyController.ts">
          <metrics statements="72" coveredstatements="45" conditionals="18" coveredconditionals="7" methods="23" coveredmethods="16"/>
          <line num="2" count="4" type="stmt"/>
          <line num="4" count="4" type="stmt"/>
          <line num="5" count="4" type="stmt"/>
          <line num="6" count="4" type="stmt"/>
          <line num="7" count="4" type="stmt"/>
          <line num="8" count="4" type="stmt"/>
          <line num="9" count="4" type="stmt"/>
          <line num="10" count="4" type="stmt"/>
          <line num="14" count="4" type="stmt"/>
          <line num="17" count="4" type="cond" truecount="1" falsecount="2"/>
          <line num="20" count="4" type="stmt"/>
          <line num="24" count="4" type="stmt"/>
          <line num="29" count="4" type="stmt"/>
          <line num="36" count="4" type="stmt"/>
          <line num="38" count="0" type="cond" truecount="0" falsecount="2"/>
          <line num="39" count="0" type="stmt"/>
          <line num="40" count="0" type="stmt"/>
          <line num="43" count="0" type="stmt"/>
          <line num="46" count="0" type="stmt"/>
          <line num="48" count="0" type="stmt"/>
          <line num="49" count="0" type="stmt"/>
          <line num="53" count="0" type="cond" truecount="0" falsecount="2"/>
          <line num="54" count="0" type="stmt"/>
          <line num="59" count="0" type="stmt"/>
          <line num="60" count="0" type="stmt"/>
          <line num="63" count="0" type="stmt"/>
          <line num="69" count="4" type="stmt"/>
          <line num="71" count="2" type="stmt"/>
          <line num="73" count="2" type="cond" truecount="1" falsecount="1"/>
          <line num="74" count="0" type="stmt"/>
          <line num="75" count="0" type="stmt"/>
          <line num="79" count="2" type="stmt"/>
          <line num="80" count="2" type="stmt"/>
          <line num="81" count="2" type="stmt"/>
          <line num="82" count="2" type="stmt"/>
          <line num="85" count="0" type="stmt"/>
          <line num="86" count="0" type="stmt"/>
          <line num="90" count="0" type="stmt"/>
          <line num="91" count="0" type="stmt"/>
          <line num="97" count="4" type="stmt"/>
          <line num="99" count="2" type="stmt"/>
          <line num="101" count="2" type="cond" truecount="2" falsecount="0"/>
          <line num="102" count="1" type="stmt"/>
          <line num="103" count="1" type="stmt"/>
          <line num="107" count="1" type="stmt"/>
          <line num="108" count="1" type="stmt"/>
          <line num="109" count="1" type="stmt"/>
          <line num="110" count="1" type="stmt"/>
          <line num="113" count="0" type="stmt"/>
          <line num="114" count="0" type="stmt"/>
          <line num="118" count="0" type="stmt"/>
          <line num="119" count="0" type="stmt"/>
          <line num="125" count="4" type="stmt"/>
          <line num="127" count="4" type="cond" truecount="2" falsecount="0"/>
          <line num="128" count="2" type="stmt"/>
          <line num="129" count="2" type="stmt"/>
          <line num="132" count="2" type="stmt"/>
          <line num="135" count="2" type="stmt"/>
          <line num="138" count="2" type="stmt"/>
          <line num="139" count="2" type="stmt"/>
          <line num="140" count="2" type="stmt"/>
          <line num="141" count="2" type="stmt"/>
          <line num="145" count="0" type="cond" truecount="0" falsecount="2"/>
          <line num="146" count="0" type="stmt"/>
          <line num="151" count="0" type="stmt"/>
          <line num="152" count="0" type="stmt"/>
          <line num="155" count="0" type="stmt"/>
          <line num="161" count="5" type="stmt"/>
          <line num="162" count="5" type="stmt"/>
          <line num="163" count="5" type="stmt"/>
          <line num="164" count="5" type="stmt"/>
          <line num="165" count="5" type="stmt"/>
        </file>
        <file name="HomeController.ts" path="C:\Users\pedro.gabriel\Documents\PersonalStuff\KroilonGamification\KroilonApiV2\src\1presentation\controllers\HomeController.ts">
          <metrics statements="6" coveredstatements="3" conditionals="0" coveredconditionals="0" methods="3" coveredmethods="1"/>
          <line num="3" count="4" type="stmt"/>
          <line num="7" count="4" type="stmt"/>
          <line num="10" count="4" type="stmt"/>
          <line num="11" count="0" type="stmt"/>
          <line num="12" count="0" type="stmt"/>
          <line num="17" count="0" type="stmt"/>
        </file>
        <file name="MasterController.ts" path="C:\Users\pedro.gabriel\Documents\PersonalStuff\KroilonGamification\KroilonApiV2\src\1presentation\controllers\MasterController.ts">
          <metrics statements="77" coveredstatements="71" conditionals="7" coveredconditionals="4" methods="21" coveredmethods="19"/>
          <line num="3" count="4" type="stmt"/>
          <line num="5" count="4" type="stmt"/>
          <line num="6" count="4" type="stmt"/>
          <line num="7" count="4" type="stmt"/>
          <line num="8" count="4" type="stmt"/>
          <line num="9" count="4" type="stmt"/>
          <line num="10" count="4" type="stmt"/>
          <line num="11" count="4" type="stmt"/>
          <line num="12" count="4" type="stmt"/>
          <line num="13" count="4" type="stmt"/>
          <line num="14" count="4" type="stmt"/>
          <line num="15" count="4" type="stmt"/>
          <line num="16" count="4" type="stmt"/>
          <line num="20" count="4" type="stmt"/>
          <line num="25" count="4" type="stmt"/>
          <line num="28" count="4" type="stmt"/>
          <line num="32" count="4" type="stmt"/>
          <line num="36" count="4" type="stmt"/>
          <line num="45" count="4" type="stmt"/>
          <line num="46" count="4" type="stmt"/>
          <line num="48" count="2" type="stmt"/>
          <line num="49" count="2" type="stmt"/>
          <line num="50" count="2" type="stmt"/>
          <line num="51" count="2" type="stmt"/>
          <line num="53" count="2" type="stmt"/>
          <line num="56" count="2" type="stmt"/>
          <line num="58" count="2" type="cond" truecount="1" falsecount="1"/>
          <line num="59" count="0" type="stmt"/>
          <line num="64" count="0" type="stmt"/>
          <line num="69" count="2" type="stmt"/>
          <line num="70" count="2" type="stmt"/>
          <line num="75" count="2" type="stmt"/>
          <line num="85" count="4" type="stmt"/>
          <line num="86" count="1" type="stmt"/>
          <line num="89" count="1" type="stmt"/>
          <line num="90" count="1" type="stmt"/>
          <line num="91" count="1" type="stmt"/>
          <line num="93" count="1" type="stmt"/>
          <line num="94" count="5" type="stmt"/>
          <line num="98" count="1" type="stmt"/>
          <line num="99" count="1" type="stmt"/>
          <line num="101" count="1" type="stmt"/>
          <line num="105" count="0" type="stmt"/>
          <line num="106" count="0" type="stmt"/>
          <line num="112" count="4" type="stmt"/>
          <line num="113" count="2" type="stmt"/>
          <line num="114" count="2" type="stmt"/>
          <line num="116" count="2" type="cond" truecount="2" falsecount="0"/>
          <line num="117" count="1" type="stmt"/>
          <line num="118" count="1" type="stmt"/>
          <line num="122" count="1" type="stmt"/>
          <line num="123" count="1" type="stmt"/>
          <line num="124" count="1" type="stmt"/>
          <line num="125" count="1" type="stmt"/>
          <line num="127" count="1" type="stmt"/>
          <line num="130" count="0" type="stmt"/>
          <line num="131" count="0" type="stmt"/>
          <line num="138" count="1" type="stmt"/>
          <line num="139" count="1" type="stmt"/>
          <line num="140" count="1" type="stmt"/>
          <line num="141" count="1" type="stmt"/>
          <line num="142" count="1" type="stmt"/>
          <line num="143" count="1" type="stmt"/>
          <line num="144" count="1" type="stmt"/>
          <line num="148" count="5" type="stmt"/>
          <line num="149" count="5" type="stmt"/>
          <line num="150" count="5" type="stmt"/>
          <line num="151" count="5" type="stmt"/>
          <line num="152" count="5" type="stmt"/>
          <line num="153" count="5" type="stmt"/>
          <line num="154" count="5" type="stmt"/>
          <line num="155" count="5" type="stmt"/>
          <line num="156" count="5" type="stmt"/>
          <line num="160" count="3" type="stmt"/>
          <line num="161" count="3" type="stmt"/>
          <line num="162" count="3" type="stmt"/>
          <line num="163" count="3" type="stmt"/>
        </file>
      </package>
      <package name="src.1presentation.responses">
        <metrics statements="7" coveredstatements="7" conditionals="1" coveredconditionals="1" methods="1" coveredmethods="1"/>
        <file name="Problem.ts" path="C:\Users\pedro.gabriel\Documents\PersonalStuff\KroilonGamification\KroilonApiV2\src\1presentation\responses\Problem.ts">
          <metrics statements="7" coveredstatements="7" conditionals="1" coveredconditionals="1" methods="1" coveredmethods="1"/>
          <line num="2" count="4" type="stmt"/>
          <line num="4" count="4" type="stmt"/>
          <line num="43" count="6" type="stmt"/>
          <line num="44" count="6" type="stmt"/>
          <line num="45" count="6" type="stmt"/>
          <line num="46" count="6" type="stmt"/>
          <line num="47" count="6" type="stmt"/>
        </file>
      </package>
      <package name="src.1presentation.responses.collection">
        <metrics statements="18" coveredstatements="18" conditionals="0" coveredconditionals="0" methods="5" coveredmethods="5"/>
        <file name="Collection.ts" path="C:\Users\pedro.gabriel\Documents\PersonalStuff\KroilonGamification\KroilonApiV2\src\1presentation\responses\collection\Collection.ts">
          <metrics statements="6" coveredstatements="6" conditionals="0" coveredconditionals="0" methods="1" coveredmethods="1"/>
          <line num="7" count="4" type="stmt"/>
          <line num="9" count="4" type="stmt"/>
          <line num="21" count="1" type="stmt"/>
          <line num="22" count="1" type="stmt"/>
          <line num="24" count="1" type="stmt"/>
          <line num="26" count="1" type="stmt"/>
        </file>
        <file name="Data.ts" path="C:\Users\pedro.gabriel\Documents\PersonalStuff\KroilonGamification\KroilonApiV2\src\1presentation\responses\collection\Data.ts">
          <metrics statements="4" coveredstatements="4" conditionals="0" coveredconditionals="0" methods="1" coveredmethods="1"/>
          <line num="1" count="4" type="stmt"/>
          <line num="7" count="35" type="stmt"/>
          <line num="8" count="35" type="stmt"/>
          <line num="9" count="35" type="stmt"/>
        </file>
        <file name="Item.ts" path="C:\Users\pedro.gabriel\Documents\PersonalStuff\KroilonGamification\KroilonApiV2\src\1presentation\responses\collection\Item.ts">
          <metrics statements="3" coveredstatements="3" conditionals="0" coveredconditionals="0" methods="1" coveredmethods="1"/>
          <line num="4" count="4" type="stmt"/>
          <line num="14" count="5" type="stmt"/>
          <line num="15" count="5" type="stmt"/>
        </file>
        <file name="Link.ts" path="C:\Users\pedro.gabriel\Documents\PersonalStuff\KroilonGamification\KroilonApiV2\src\1presentation\responses\collection\Link.ts">
          <metrics statements="3" coveredstatements="3" conditionals="0" coveredconditionals="0" methods="1" coveredmethods="1"/>
          <line num="1" count="4" type="stmt"/>
          <line num="9" count="1" type="stmt"/>
          <line num="10" count="1" type="stmt"/>
        </file>
        <file name="Template.ts" path="C:\Users\pedro.gabriel\Documents\PersonalStuff\KroilonGamification\KroilonApiV2\src\1presentation\responses\collection\Template.ts">
          <metrics statements="2" coveredstatements="2" conditionals="0" coveredconditionals="0" methods="1" coveredmethods="1"/>
          <line num="3" count="4" type="stmt"/>
          <line num="8" count="1" type="stmt"/>
        </file>
      </package>
      <package name="src.1presentation.responses.siren">
        <metrics statements="7" coveredstatements="7" conditionals="0" coveredconditionals="0" methods="2" coveredmethods="2"/>
        <file name="Entity.ts" path="C:\Users\pedro.gabriel\Documents\PersonalStuff\KroilonGamification\KroilonApiV2\src\1presentation\responses\siren\Entity.ts">
          <metrics statements="3" coveredstatements="3" conditionals="0" coveredconditionals="0" methods="1" coveredmethods="1"/>
          <line num="7" count="4" type="stmt"/>
          <line num="13" count="4" type="stmt"/>
          <line num="43" count="8" type="stmt"/>
        </file>
        <file name="Link.ts" path="C:\Users\pedro.gabriel\Documents\PersonalStuff\KroilonGamification\KroilonApiV2\src\1presentation\responses\siren\Link.ts">
          <metrics statements="4" coveredstatements="4" conditionals="0" coveredconditionals="0" methods="1" coveredmethods="1"/>
          <line num="1" count="4" type="stmt"/>
          <line num="6" count="11" type="stmt"/>
          <line num="7" count="11" type="stmt"/>
          <line num="8" count="11" type="stmt"/>
        </file>
      </package>
      <package name="src.2application.dto">
        <metrics statements="12" coveredstatements="12" conditionals="2" coveredconditionals="1" methods="2" coveredmethods="2"/>
        <file name="AcademyDTO.ts" path="C:\Users\pedro.gabriel\Documents\PersonalStuff\KroilonGamification\KroilonApiV2\src\2application\dto\AcademyDTO.ts">
          <metrics statements="5" coveredstatements="5" conditionals="0" coveredconditionals="0" methods="1" coveredmethods="1"/>
          <line num="5" count="4" type="stmt"/>
          <line num="12" count="7" type="stmt"/>
          <line num="13" count="7" type="stmt"/>
          <line num="14" count="7" type="stmt"/>
          <line num="15" count="7" type="stmt"/>
        </file>
        <file name="MasterDTO.ts" path="C:\Users\pedro.gabriel\Documents\PersonalStuff\KroilonGamification\KroilonApiV2\src\2application\dto\MasterDTO.ts">
          <metrics statements="7" coveredstatements="7" conditionals="2" coveredconditionals="1" methods="1" coveredmethods="1"/>
          <line num="1" count="4" type="stmt"/>
          <line num="17" count="8" type="stmt"/>
          <line num="18" count="8" type="stmt"/>
          <line num="19" count="8" type="stmt"/>
          <line num="20" count="8" type="stmt"/>
          <line num="21" count="8" type="stmt"/>
          <line num="22" count="8" type="stmt"/>
        </file>
      </package>
      <package name="src.2application.impl">
        <metrics statements="71" coveredstatements="59" conditionals="41" coveredconditionals="21" methods="39" coveredmethods="30"/>
        <file name="AcademyService.ts" path="C:\Users\pedro.gabriel\Documents\PersonalStuff\KroilonGamification\KroilonApiV2\src\2application\impl\AcademyService.ts">
          <metrics statements="43" coveredstatements="34" conditionals="27" coveredconditionals="14" methods="23" coveredmethods="16"/>
          <line num="1" count="4" type="stmt"/>
          <line num="5" count="4" type="stmt"/>
          <line num="6" count="4" type="stmt"/>
          <line num="7" count="4" type="stmt"/>
          <line num="13" count="4" type="stmt"/>
          <line num="16" count="4" type="cond" truecount="1" falsecount="2"/>
          <line num="19" count="4" type="stmt"/>
          <line num="21" count="4" type="cond" truecount="1" falsecount="1"/>
          <line num="23" count="0" type="stmt"/>
          <line num="27" count="2" type="stmt"/>
          <line num="28" count="2" type="stmt"/>
          <line num="29" count="2" type="cond" truecount="1" falsecount="1"/>
          <line num="30" count="0" type="stmt"/>
          <line num="33" count="2" type="stmt"/>
          <line num="34" count="2" type="stmt"/>
          <line num="35" count="2" type="stmt"/>
          <line num="46" count="2" type="stmt"/>
          <line num="47" count="2" type="stmt"/>
          <line num="48" count="0" type="stmt"/>
          <line num="62" count="2" type="stmt"/>
          <line num="63" count="0" type="stmt"/>
          <line num="77" count="2" type="stmt"/>
          <line num="85" count="2" type="stmt"/>
          <line num="86" count="0" type="stmt"/>
          <line num="91" count="2" type="stmt"/>
          <line num="93" count="2" type="cond" truecount="2" falsecount="0"/>
          <line num="95" count="0" type="stmt"/>
          <line num="99" count="2" type="stmt"/>
          <line num="101" count="2" type="cond" truecount="1" falsecount="1"/>
          <line num="102" count="0" type="stmt"/>
          <line num="106" count="2" type="stmt"/>
          <line num="113" count="2" type="stmt"/>
          <line num="114" count="0" type="stmt"/>
          <line num="118" count="7" type="stmt"/>
          <line num="122" count="2" type="stmt"/>
          <line num="123" count="2" type="stmt"/>
          <line num="124" count="0" type="stmt"/>
          <line num="137" count="2" type="stmt"/>
          <line num="141" count="2" type="stmt"/>
          <line num="142" count="2" type="cond" truecount="2" falsecount="0"/>
          <line num="143" count="1" type="stmt"/>
          <line num="144" count="1" type="stmt"/>
          <line num="154" count="1" type="stmt"/>
        </file>
        <file name="MasterService.ts" path="C:\Users\pedro.gabriel\Documents\PersonalStuff\KroilonGamification\KroilonApiV2\src\2application\impl\MasterService.ts">
          <metrics statements="28" coveredstatements="25" conditionals="14" coveredconditionals="7" methods="16" coveredmethods="14"/>
          <line num="1" count="4" type="stmt"/>
          <line num="3" count="4" type="stmt"/>
          <line num="4" count="4" type="stmt"/>
          <line num="5" count="4" type="stmt"/>
          <line num="6" count="4" type="stmt"/>
          <line num="7" count="4" type="stmt"/>
          <line num="11" count="4" type="stmt"/>
          <line num="14" count="4" type="cond" truecount="1" falsecount="2"/>
          <line num="17" count="4" type="cond" truecount="1" falsecount="2"/>
          <line num="20" count="4" type="cond" truecount="1" falsecount="2"/>
          <line num="23" count="1" type="stmt"/>
          <line num="24" count="5" type="stmt"/>
          <line num="26" count="0" type="stmt"/>
          <line num="27" count="0" type="stmt"/>
          <line num="32" count="2" type="stmt"/>
          <line num="34" count="2" type="cond" truecount="2" falsecount="0"/>
          <line num="36" count="0" type="stmt"/>
          <line num="40" count="4" type="stmt"/>
          <line num="42" count="4" type="cond" truecount="2" falsecount="0"/>
          <line num="43" count="2" type="stmt"/>
          <line num="46" count="2" type="stmt"/>
          <line num="47" count="2" type="stmt"/>
          <line num="54" count="2" type="stmt"/>
          <line num="56" count="2" type="stmt"/>
          <line num="62" count="2" type="stmt"/>
          <line num="64" count="2" type="stmt"/>
          <line num="65" count="2" type="stmt"/>
          <line num="69" count="8" type="stmt"/>
        </file>
      </package>
      <package name="src.3domain.models">
        <metrics statements="18" coveredstatements="18" conditionals="0" coveredconditionals="0" methods="2" coveredmethods="2"/>
        <file name="AcademySchema.ts" path="C:\Users\pedro.gabriel\Documents\PersonalStuff\KroilonGamification\KroilonApiV2\src\3domain\models\AcademySchema.ts">
          <metrics statements="8" coveredstatements="8" conditionals="0" coveredconditionals="0" methods="1" coveredmethods="1"/>
          <line num="1" count="4" type="stmt"/>
          <line num="15" count="4" type="stmt"/>
          <line num="17" count="4" type="stmt"/>
          <line num="20" count="4" type="stmt"/>
          <line num="23" count="4" type="stmt"/>
          <line num="26" count="4" type="stmt"/>
          <line num="29" count="4" type="stmt"/>
          <line num="32" count="6" type="stmt"/>
        </file>
        <file name="MasterSchema.ts" path="C:\Users\pedro.gabriel\Documents\PersonalStuff\KroilonGamification\KroilonApiV2\src\3domain\models\MasterSchema.ts">
          <metrics statements="10" coveredstatements="10" conditionals="0" coveredconditionals="0" methods="1" coveredmethods="1"/>
          <line num="1" count="4" type="stmt"/>
          <line num="17" count="4" type="stmt"/>
          <line num="19" count="4" type="stmt"/>
          <line num="22" count="4" type="stmt"/>
          <line num="25" count="4" type="stmt"/>
          <line num="28" count="4" type="stmt"/>
          <line num="31" count="4" type="stmt"/>
          <line num="34" count="4" type="stmt"/>
          <line num="37" count="4" type="stmt"/>
          <line num="41" count="5" type="stmt"/>
        </file>
      </package>
      <package name="src.3domain.repositories">
        <metrics statements="6" coveredstatements="6" conditionals="0" coveredconditionals="0" methods="1" coveredmethods="1"/>
        <file name="KroilonDatabase.ts" path="C:\Users\pedro.gabriel\Documents\PersonalStuff\KroilonGamification\KroilonApiV2\src\3domain\repositories\KroilonDatabase.ts">
          <metrics statements="6" coveredstatements="6" conditionals="0" coveredconditionals="0" methods="1" coveredmethods="1"/>
          <line num="1" count="4" type="stmt"/>
          <line num="2" count="4" type="stmt"/>
          <line num="3" count="4" type="stmt"/>
          <line num="8" count="4" type="stmt"/>
          <line num="10" count="4" type="stmt"/>
          <line num="14" count="4" type="stmt"/>
        </file>
      </package>
      <package name="src.3domain.repositories.impl">
        <metrics statements="44" coveredstatements="30" conditionals="1" coveredconditionals="1" methods="37" coveredmethods="24"/>
        <file name="AcademyRepository.ts" path="C:\Users\pedro.gabriel\Documents\PersonalStuff\KroilonGamification\KroilonApiV2\src\3domain\repositories\impl\AcademyRepository.ts">
          <metrics statements="27" coveredstatements="17" conditionals="0" coveredconditionals="0" methods="23" coveredmethods="14"/>
          <line num="1" count="4" type="stmt"/>
          <line num="3" count="4" type="stmt"/>
          <line num="7" count="4" type="stmt"/>
          <line num="9" count="19" type="stmt"/>
          <line num="12" count="0" type="stmt"/>
          <line num="13" count="0" type="stmt"/>
          <line num="14" count="0" type="stmt"/>
          <line num="15" count="0" type="stmt"/>
          <line num="19" count="2" type="stmt"/>
          <line num="20" count="2" type="stmt"/>
          <line num="21" count="0" type="stmt"/>
          <line num="25" count="2" type="stmt"/>
          <line num="26" count="2" type="stmt"/>
          <line num="27" count="0" type="stmt"/>
          <line num="31" count="4" type="stmt"/>
          <line num="32" count="4" type="stmt"/>
          <line num="33" count="0" type="stmt"/>
          <line num="37" count="6" type="stmt"/>
          <line num="38" count="6" type="stmt"/>
          <line num="39" count="0" type="stmt"/>
          <line num="43" count="2" type="stmt"/>
          <line num="44" count="2" type="stmt"/>
          <line num="45" count="0" type="stmt"/>
          <line num="49" count="6" type="stmt"/>
          <line num="50" count="6" type="stmt"/>
          <line num="53" count="6" type="stmt"/>
          <line num="54" count="0" type="stmt"/>
        </file>
        <file name="MasterRepository.ts" path="C:\Users\pedro.gabriel\Documents\PersonalStuff\KroilonGamification\KroilonApiV2\src\3domain\repositories\impl\MasterRepository.ts">
          <metrics statements="17" coveredstatements="13" conditionals="1" coveredconditionals="1" methods="14" coveredmethods="10"/>
          <line num="1" count="4" type="stmt"/>
          <line num="3" count="4" type="stmt"/>
          <line num="7" count="4" type="stmt"/>
          <line num="10" count="2" type="stmt"/>
          <line num="11" count="2" type="stmt"/>
          <line num="12" count="0" type="stmt"/>
          <line num="16" count="6" type="stmt"/>
          <line num="17" count="6" type="stmt"/>
          <line num="18" count="6" type="stmt"/>
          <line num="19" count="0" type="stmt"/>
          <line num="23" count="5" type="stmt"/>
          <line num="24" count="5" type="stmt"/>
          <line num="25" count="0" type="stmt"/>
          <line num="29" count="1" type="stmt"/>
          <line num="30" count="1" type="stmt"/>
          <line num="31" count="1" type="stmt"/>
          <line num="34" count="0" type="stmt"/>
        </file>
      </package>
      <package name="src.config">
        <metrics statements="37" coveredstatements="37" conditionals="2" coveredconditionals="2" methods="4" coveredmethods="4"/>
        <file name="Logger.ts" path="C:\Users\pedro.gabriel\Documents\PersonalStuff\KroilonGamification\KroilonApiV2\src\config\Logger.ts">
          <metrics statements="2" coveredstatements="2" conditionals="0" coveredconditionals="0" methods="0" coveredmethods="0"/>
          <line num="1" count="4" type="stmt"/>
          <line num="3" count="4" type="stmt"/>
        </file>
        <file name="Utils.ts" path="C:\Users\pedro.gabriel\Documents\PersonalStuff\KroilonGamification\KroilonApiV2\src\config\Utils.ts">
          <metrics statements="15" coveredstatements="15" conditionals="2" coveredconditionals="2" methods="4" coveredmethods="4"/>
          <line num="2" count="4" type="stmt"/>
          <line num="3" count="4" type="stmt"/>
          <line num="6" count="4" type="cond" truecount="2" falsecount="0"/>
          <line num="8" count="4" type="stmt"/>
          <line num="9" count="9" type="stmt"/>
          <line num="15" count="4" type="stmt"/>
          <line num="16" count="2" type="stmt"/>
          <line num="17" count="2" type="stmt"/>
          <line num="21" count="2" type="stmt"/>
          <line num="22" count="2" type="stmt"/>
          <line num="30" count="4" type="stmt"/>
          <line num="31" count="2" type="stmt"/>
          <line num="32" count="2" type="stmt"/>
          <line num="36" count="2" type="stmt"/>
          <line num="37" count="2" type="stmt"/>
        </file>
        <file name="inversify.config.ts" path="C:\Users\pedro.gabriel\Documents\PersonalStuff\KroilonGamification\KroilonApiV2\src\config\inversify.config.ts">
          <metrics statements="18" coveredstatements="18" conditionals="0" coveredconditionals="0" methods="0" coveredmethods="0"/>
          <line num="1" count="4" type="stmt"/>
          <line num="2" count="4" type="stmt"/>
          <line num="3" count="4" type="stmt"/>
          <line num="4" count="4" type="stmt"/>
          <line num="6" count="4" type="stmt"/>
          <line num="7" count="4" type="stmt"/>
          <line num="10" count="4" type="stmt"/>
          <line num="11" count="4" type="stmt"/>
          <line num="14" count="4" type="stmt"/>
          <line num="16" count="4" type="stmt"/>
          <line num="19" count="4" type="stmt"/>
          <line num="20" count="4" type="stmt"/>
          <line num="21" count="4" type="stmt"/>
          <line num="24" count="4" type="stmt"/>
          <line num="25" count="4" type="stmt"/>
          <line num="28" count="4" type="stmt"/>
          <line num="29" count="4" type="stmt"/>
          <line num="31" count="4" type="stmt"/>
        </file>
        <file name="types.ts" path="C:\Users\pedro.gabriel\Documents\PersonalStuff\KroilonGamification\KroilonApiV2\src\config\types.ts">
          <metrics statements="2" coveredstatements="2" conditionals="0" coveredconditionals="0" methods="0" coveredmethods="0"/>
          <line num="1" count="4" type="stmt"/>
          <line num="11" count="4" type="stmt"/>
        </file>
      </package>
    </metrics>
  </project>
</coverage>
