{"C:\\Users\\pedro.gabriel\\Documents\\PersonalStuff\\KroilonGamification\\KroilonApiV2\\src\\app.ts": {"path":"C:\\Users\\pedro.gabriel\\Documents\\PersonalStuff\\KroilonGamification\\KroilonApiV2\\src\\app.ts","statementMap":{"0":{"start":{"line":1,"column":0},"end":{"line":1,"column":34}},"1":{"start":{"line":2,"column":0},"end":{"line":2,"column":26}},"2":{"start":{"line":3,"column":0},"end":{"line":3,"column":27}},"3":{"start":{"line":4,"column":0},"end":{"line":4,"column":28}},"4":{"start":{"line":5,"column":0},"end":{"line":5,"column":41}},"5":{"start":{"line":6,"column":0},"end":{"line":6,"column":49}},"6":{"start":{"line":7,"column":21},"end":{"line":7,"column":44}},"7":{"start":{"line":8,"column":0},"end":{"line":8,"column":34}},"8":{"start":{"line":10,"column":0},"end":{"line":10,"column":40}},"9":{"start":{"line":13,"column":33},"end":{"line":13,"column":42}},"10":{"start":{"line":16,"column":0},"end":{"line":16,"column":48}},"11":{"start":{"line":17,"column":0},"end":{"line":17,"column":30}},"12":{"start":{"line":19,"column":0},"end":{"line":19,"column":27}},"13":{"start":{"line":20,"column":0},"end":{"line":20,"column":52}},"14":{"start":{"line":23,"column":45},"end":{"line":23,"column":102}},"15":{"start":{"line":24,"column":0},"end":{"line":24,"column":60}},"16":{"start":{"line":24,"column":34},"end":{"line":24,"column":58}},"17":{"start":{"line":29,"column":0},"end":{"line":39,"column":1}},"18":{"start":{"line":31,"column":4},"end":{"line":31,"column":28}},"19":{"start":{"line":35,"column":4},"end":{"line":38,"column":7}},"20":{"start":{"line":36,"column":8},"end":{"line":36,"column":32}},"21":{"start":{"line":37,"column":8},"end":{"line":37,"column":18}},"22":{"start":{"line":41,"column":0},"end":{"line":43,"column":3}},"23":{"start":{"line":42,"column":4},"end":{"line":42,"column":20}},"24":{"start":{"line":46,"column":0},"end":{"line":50,"column":3}},"25":{"start":{"line":47,"column":14},"end":{"line":47,"column":36}},"26":{"start":{"line":48,"column":2},"end":{"line":48,"column":18}},"27":{"start":{"line":49,"column":2},"end":{"line":49,"column":12}},"28":{"start":{"line":53,"column":0},"end":{"line":53,"column":19}}},"fnMap":{"0":{"name":"(anonymous_0)","decl":{"start":{"line":24,"column":20},"end":{"line":24,"column":29}},"loc":{"start":{"line":24,"column":34},"end":{"line":24,"column":58}}},"1":{"name":"(anonymous_1)","decl":{"start":{"line":35,"column":12},"end":{"line":35,"column":21}},"loc":{"start":{"line":35,"column":102},"end":{"line":38,"column":5}}},"2":{"name":"(anonymous_2)","decl":{"start":{"line":41,"column":24},"end":{"line":41,"column":32}},"loc":{"start":{"line":41,"column":39},"end":{"line":43,"column":1}}},"3":{"name":"(anonymous_3)","decl":{"start":{"line":46,"column":8},"end":{"line":46,"column":16}},"loc":{"start":{"line":46,"column":29},"end":{"line":50,"column":1}}}},"branchMap":{"0":{"loc":{"start":{"line":29,"column":0},"end":{"line":39,"column":1}},"type":"if","locations":[{"start":{"line":29,"column":0},"end":{"line":39,"column":1}},{"start":{"line":29,"column":0},"end":{"line":39,"column":1}}]}},"s":{"0":4,"1":4,"2":4,"3":4,"4":4,"5":4,"6":4,"7":4,"8":4,"9":4,"10":4,"11":4,"12":4,"13":4,"14":4,"15":4,"16":12,"17":4,"18":0,"19":4,"20":0,"21":0,"22":4,"23":0,"24":4,"25":1,"26":1,"27":1,"28":4},"f":{"0":12,"1":0,"2":0,"3":1},"b":{"0":[0,4]}}
,"C:\\Users\\pedro.gabriel\\Documents\\PersonalStuff\\KroilonGamification\\KroilonApiV2\\src\\1presentation\\controllers\\AcademyController.ts": {"path":"C:\\Users\\pedro.gabriel\\Documents\\PersonalStuff\\KroilonGamification\\KroilonApiV2\\src\\1presentation\\controllers\\AcademyController.ts","statementMap":{"0":{"start":{"line":2,"column":0},"end":{"line":2,"column":46}},"1":{"start":{"line":4,"column":0},"end":{"line":4,"column":79}},"2":{"start":{"line":5,"column":0},"end":{"line":5,"column":44}},"3":{"start":{"line":6,"column":0},"end":{"line":6,"column":42}},"4":{"start":{"line":7,"column":0},"end":{"line":7,"column":38}},"5":{"start":{"line":8,"column":0},"end":{"line":8,"column":68}},"6":{"start":{"line":9,"column":0},"end":{"line":9,"column":66}},"7":{"start":{"line":10,"column":0},"end":{"line":10,"column":42}},"8":{"start":{"line":14,"column":0},"end":{"line":168,"column":1}},"9":{"start":{"line":20,"column":8},"end":{"line":20,"column":45}},"10":{"start":{"line":24,"column":8},"end":{"line":27,"column":46}},"11":{"start":{"line":29,"column":8},"end":{"line":30,"column":48}},"12":{"start":{"line":36,"column":4},"end":{"line":65,"column":6}},"13":{"start":{"line":36,"column":65},"end":{"line":65,"column":5}},"14":{"start":{"line":38,"column":8},"end":{"line":44,"column":9}},"15":{"start":{"line":39,"column":29},"end":{"line":39,"column":55}},"16":{"start":{"line":40,"column":12},"end":{"line":42,"column":31}},"17":{"start":{"line":43,"column":12},"end":{"line":43,"column":19}},"18":{"start":{"line":46,"column":8},"end":{"line":64,"column":15}},"19":{"start":{"line":48,"column":16},"end":{"line":48,"column":41}},"20":{"start":{"line":49,"column":16},"end":{"line":49,"column":46}},"21":{"start":{"line":53,"column":16},"end":{"line":61,"column":17}},"22":{"start":{"line":54,"column":37},"end":{"line":58,"column":40}},"23":{"start":{"line":59,"column":20},"end":{"line":59,"column":78}},"24":{"start":{"line":60,"column":20},"end":{"line":60,"column":27}},"25":{"start":{"line":63,"column":16},"end":{"line":63,"column":42}},"26":{"start":{"line":69,"column":8},"end":{"line":93,"column":10}},"27":{"start":{"line":69,"column":69},"end":{"line":93,"column":9}},"28":{"start":{"line":71,"column":12},"end":{"line":92,"column":19}},"29":{"start":{"line":73,"column":20},"end":{"line":78,"column":21}},"30":{"start":{"line":74,"column":41},"end":{"line":74,"column":85}},"31":{"start":{"line":75,"column":24},"end":{"line":77,"column":43}},"32":{"start":{"line":79,"column":35},"end":{"line":79,"column":60}},"33":{"start":{"line":80,"column":37},"end":{"line":80,"column":60}},"34":{"start":{"line":81,"column":20},"end":{"line":81,"column":66}},"35":{"start":{"line":82,"column":20},"end":{"line":82,"column":77}},"36":{"start":{"line":85,"column":33},"end":{"line":85,"column":36}},"37":{"start":{"line":86,"column":37},"end":{"line":89,"column":39}},"38":{"start":{"line":90,"column":20},"end":{"line":90,"column":53}},"39":{"start":{"line":91,"column":20},"end":{"line":91,"column":79}},"40":{"start":{"line":97,"column":8},"end":{"line":121,"column":10}},"41":{"start":{"line":97,"column":69},"end":{"line":121,"column":9}},"42":{"start":{"line":99,"column":12},"end":{"line":120,"column":19}},"43":{"start":{"line":101,"column":20},"end":{"line":106,"column":21}},"44":{"start":{"line":102,"column":41},"end":{"line":102,"column":85}},"45":{"start":{"line":103,"column":24},"end":{"line":105,"column":43}},"46":{"start":{"line":107,"column":35},"end":{"line":107,"column":60}},"47":{"start":{"line":108,"column":37},"end":{"line":108,"column":60}},"48":{"start":{"line":109,"column":20},"end":{"line":109,"column":66}},"49":{"start":{"line":110,"column":20},"end":{"line":110,"column":77}},"50":{"start":{"line":113,"column":33},"end":{"line":113,"column":36}},"51":{"start":{"line":114,"column":37},"end":{"line":117,"column":39}},"52":{"start":{"line":118,"column":20},"end":{"line":118,"column":53}},"53":{"start":{"line":119,"column":20},"end":{"line":119,"column":79}},"54":{"start":{"line":125,"column":8},"end":{"line":157,"column":10}},"55":{"start":{"line":125,"column":69},"end":{"line":157,"column":9}},"56":{"start":{"line":127,"column":12},"end":{"line":133,"column":13}},"57":{"start":{"line":128,"column":33},"end":{"line":128,"column":59}},"58":{"start":{"line":129,"column":16},"end":{"line":131,"column":35}},"59":{"start":{"line":132,"column":16},"end":{"line":132,"column":23}},"60":{"start":{"line":135,"column":12},"end":{"line":156,"column":19}},"61":{"start":{"line":138,"column":35},"end":{"line":138,"column":60}},"62":{"start":{"line":139,"column":37},"end":{"line":139,"column":60}},"63":{"start":{"line":140,"column":20},"end":{"line":140,"column":66}},"64":{"start":{"line":141,"column":20},"end":{"line":141,"column":77}},"65":{"start":{"line":145,"column":20},"end":{"line":153,"column":21}},"66":{"start":{"line":146,"column":41},"end":{"line":150,"column":44}},"67":{"start":{"line":151,"column":24},"end":{"line":151,"column":82}},"68":{"start":{"line":152,"column":24},"end":{"line":152,"column":31}},"69":{"start":{"line":155,"column":20},"end":{"line":155,"column":46}},"70":{"start":{"line":161,"column":8},"end":{"line":161,"column":41}},"71":{"start":{"line":162,"column":23},"end":{"line":162,"column":51}},"72":{"start":{"line":163,"column":8},"end":{"line":163,"column":35}},"73":{"start":{"line":164,"column":8},"end":{"line":164,"column":32}},"74":{"start":{"line":165,"column":8},"end":{"line":165,"column":22}},"75":{"start":{"line":17,"column":4},"end":{"line":17,"column":44}},"76":{"start":{"line":14,"column":13},"end":{"line":168,"column":1}},"77":{"start":{"line":14,"column":13},"end":{"line":14,"column":30}}},"fnMap":{"0":{"name":"(anonymous_10)","decl":{"start":{"line":19,"column":4},"end":{"line":19,"column":45}},"loc":{"start":{"line":19,"column":77},"end":{"line":21,"column":5}}},"1":{"name":"(anonymous_11)","decl":{"start":{"line":23,"column":4},"end":{"line":23,"column":11}},"loc":{"start":{"line":23,"column":37},"end":{"line":32,"column":5}}},"2":{"name":"(anonymous_12)","decl":{"start":{"line":35,"column":8},"end":{"line":35,"column":26}},"loc":{"start":{"line":35,"column":27},"end":{"line":66,"column":1}}},"3":{"name":"(anonymous_13)","decl":{"start":{"line":36,"column":11},"end":{"line":36,"column":18}},"loc":{"start":{"line":36,"column":65},"end":{"line":65,"column":5}}},"4":{"name":"(anonymous_14)","decl":{"start":{"line":36,"column":65},"end":{"line":null,"column":-1}},"loc":{"start":{"line":36,"column":65},"end":{"line":65,"column":5}}},"5":{"name":"(anonymous_15)","decl":{"start":{"line":47,"column":18},"end":{"line":47,"column":19}},"loc":{"start":{"line":47,"column":34},"end":{"line":50,"column":13}}},"6":{"name":"(anonymous_16)","decl":{"start":{"line":51,"column":19},"end":{"line":51,"column":20}},"loc":{"start":{"line":51,"column":27},"end":{"line":64,"column":13}}},"7":{"name":"(anonymous_17)","decl":{"start":{"line":68,"column":12},"end":{"line":68,"column":27}},"loc":{"start":{"line":68,"column":28},"end":{"line":94,"column":5}}},"8":{"name":"(anonymous_18)","decl":{"start":{"line":69,"column":15},"end":{"line":69,"column":22}},"loc":{"start":{"line":69,"column":69},"end":{"line":93,"column":9}}},"9":{"name":"(anonymous_19)","decl":{"start":{"line":69,"column":69},"end":{"line":null,"column":-1}},"loc":{"start":{"line":69,"column":69},"end":{"line":93,"column":9}}},"10":{"name":"(anonymous_20)","decl":{"start":{"line":72,"column":22},"end":{"line":72,"column":23}},"loc":{"start":{"line":72,"column":34},"end":{"line":83,"column":17}}},"11":{"name":"(anonymous_21)","decl":{"start":{"line":84,"column":23},"end":{"line":84,"column":24}},"loc":{"start":{"line":84,"column":31},"end":{"line":92,"column":17}}},"12":{"name":"(anonymous_22)","decl":{"start":{"line":96,"column":12},"end":{"line":96,"column":33}},"loc":{"start":{"line":96,"column":34},"end":{"line":122,"column":5}}},"13":{"name":"(anonymous_23)","decl":{"start":{"line":97,"column":15},"end":{"line":97,"column":22}},"loc":{"start":{"line":97,"column":69},"end":{"line":121,"column":9}}},"14":{"name":"(anonymous_24)","decl":{"start":{"line":97,"column":69},"end":{"line":null,"column":-1}},"loc":{"start":{"line":97,"column":69},"end":{"line":121,"column":9}}},"15":{"name":"(anonymous_25)","decl":{"start":{"line":100,"column":22},"end":{"line":100,"column":23}},"loc":{"start":{"line":100,"column":34},"end":{"line":111,"column":17}}},"16":{"name":"(anonymous_26)","decl":{"start":{"line":112,"column":23},"end":{"line":112,"column":24}},"loc":{"start":{"line":112,"column":31},"end":{"line":120,"column":17}}},"17":{"name":"(anonymous_27)","decl":{"start":{"line":124,"column":12},"end":{"line":124,"column":30}},"loc":{"start":{"line":124,"column":31},"end":{"line":158,"column":5}}},"18":{"name":"(anonymous_28)","decl":{"start":{"line":125,"column":15},"end":{"line":125,"column":22}},"loc":{"start":{"line":125,"column":69},"end":{"line":157,"column":9}}},"19":{"name":"(anonymous_29)","decl":{"start":{"line":125,"column":69},"end":{"line":null,"column":-1}},"loc":{"start":{"line":125,"column":69},"end":{"line":157,"column":9}}},"20":{"name":"(anonymous_30)","decl":{"start":{"line":136,"column":22},"end":{"line":136,"column":23}},"loc":{"start":{"line":136,"column":34},"end":{"line":142,"column":17}}},"21":{"name":"(anonymous_31)","decl":{"start":{"line":143,"column":23},"end":{"line":143,"column":24}},"loc":{"start":{"line":143,"column":31},"end":{"line":156,"column":17}}},"22":{"name":"(anonymous_32)","decl":{"start":{"line":160,"column":12},"end":{"line":160,"column":22}},"loc":{"start":{"line":160,"column":39},"end":{"line":166,"column":5}}}},"branchMap":{"0":{"loc":{"start":{"line":38,"column":8},"end":{"line":44,"column":9}},"type":"if","locations":[{"start":{"line":38,"column":8},"end":{"line":44,"column":9}},{"start":{"line":38,"column":8},"end":{"line":44,"column":9}}]},"1":{"loc":{"start":{"line":53,"column":16},"end":{"line":61,"column":17}},"type":"if","locations":[{"start":{"line":53,"column":16},"end":{"line":61,"column":17}},{"start":{"line":53,"column":16},"end":{"line":61,"column":17}}]},"2":{"loc":{"start":{"line":73,"column":20},"end":{"line":78,"column":21}},"type":"if","locations":[{"start":{"line":73,"column":20},"end":{"line":78,"column":21}},{"start":{"line":73,"column":20},"end":{"line":78,"column":21}}]},"3":{"loc":{"start":{"line":101,"column":20},"end":{"line":106,"column":21}},"type":"if","locations":[{"start":{"line":101,"column":20},"end":{"line":106,"column":21}},{"start":{"line":101,"column":20},"end":{"line":106,"column":21}}]},"4":{"loc":{"start":{"line":127,"column":12},"end":{"line":133,"column":13}},"type":"if","locations":[{"start":{"line":127,"column":12},"end":{"line":133,"column":13}},{"start":{"line":127,"column":12},"end":{"line":133,"column":13}}]},"5":{"loc":{"start":{"line":145,"column":20},"end":{"line":153,"column":21}},"type":"if","locations":[{"start":{"line":145,"column":20},"end":{"line":153,"column":21}},{"start":{"line":145,"column":20},"end":{"line":153,"column":21}}]},"6":{"loc":{"start":{"line":17,"column":43},"end":{"line":null,"column":-1}},"type":"binary-expr","locations":[{"start":{"line":17,"column":43},"end":{"line":null,"column":-1}},{"start":{"line":17,"column":43},"end":{"line":null,"column":-1}}]},"7":{"loc":{"start":{"line":17,"column":28},"end":{"line":17,"column":43}},"type":"binary-expr","locations":[{"start":{"line":17,"column":28},"end":{"line":17,"column":43}}]},"8":{"loc":{"start":{"line":19,"column":77},"end":{"line":null,"column":-1}},"type":"binary-expr","locations":[{"start":{"line":19,"column":77},"end":{"line":null,"column":-1}},{"start":{"line":19,"column":77},"end":{"line":null,"column":-1}}]},"9":{"loc":{"start":{"line":19,"column":62},"end":{"line":19,"column":77}},"type":"binary-expr","locations":[{"start":{"line":19,"column":62},"end":{"line":19,"column":77}}]}},"s":{"0":4,"1":4,"2":4,"3":4,"4":4,"5":4,"6":4,"7":4,"8":4,"9":4,"10":4,"11":4,"12":4,"13":0,"14":0,"15":0,"16":0,"17":0,"18":0,"19":0,"20":0,"21":0,"22":0,"23":0,"24":0,"25":0,"26":4,"27":2,"28":2,"29":2,"30":0,"31":0,"32":2,"33":2,"34":2,"35":2,"36":0,"37":0,"38":0,"39":0,"40":4,"41":2,"42":2,"43":2,"44":1,"45":1,"46":1,"47":1,"48":1,"49":1,"50":0,"51":0,"52":0,"53":0,"54":4,"55":4,"56":4,"57":2,"58":2,"59":2,"60":2,"61":2,"62":2,"63":2,"64":2,"65":0,"66":0,"67":0,"68":0,"69":0,"70":5,"71":5,"72":5,"73":5,"74":5,"75":4,"76":4,"77":4},"f":{"0":4,"1":4,"2":4,"3":0,"4":0,"5":0,"6":0,"7":4,"8":2,"9":2,"10":2,"11":0,"12":4,"13":2,"14":2,"15":2,"16":0,"17":4,"18":4,"19":4,"20":2,"21":0,"22":5},"b":{"0":[0,0],"1":[0,0],"2":[0,2],"3":[1,1],"4":[2,2],"5":[0,0],"6":[0,4],"7":[0],"8":[0,4],"9":[0]}}
,"C:\\Users\\pedro.gabriel\\Documents\\PersonalStuff\\KroilonGamification\\KroilonApiV2\\src\\1presentation\\controllers\\HomeController.ts": {"path":"C:\\Users\\pedro.gabriel\\Documents\\PersonalStuff\\KroilonGamification\\KroilonApiV2\\src\\1presentation\\controllers\\HomeController.ts","statementMap":{"0":{"start":{"line":3,"column":0},"end":{"line":3,"column":38}},"1":{"start":{"line":7,"column":0},"end":{"line":21,"column":1}},"2":{"start":{"line":10,"column":8},"end":{"line":18,"column":15}},"3":{"start":{"line":11,"column":52},"end":{"line":18,"column":13}},"4":{"start":{"line":12,"column":40},"end":{"line":16,"column":17}},"5":{"start":{"line":17,"column":16},"end":{"line":17,"column":42}},"6":{"start":{"line":7,"column":13},"end":{"line":21,"column":1}},"7":{"start":{"line":7,"column":13},"end":{"line":7,"column":27}}},"fnMap":{"0":{"name":"(anonymous_7)","decl":{"start":{"line":9,"column":4},"end":{"line":9,"column":11}},"loc":{"start":{"line":9,"column":37},"end":{"line":19,"column":5}}},"1":{"name":"(anonymous_8)","decl":{"start":{"line":11,"column":17},"end":{"line":11,"column":23}},"loc":{"start":{"line":11,"column":52},"end":{"line":18,"column":13}}},"2":{"name":"(anonymous_9)","decl":{"start":{"line":11,"column":52},"end":{"line":null,"column":-1}},"loc":{"start":{"line":11,"column":52},"end":{"line":18,"column":13}}}},"branchMap":{},"s":{"0":4,"1":4,"2":4,"3":0,"4":0,"5":0,"6":4,"7":4},"f":{"0":4,"1":0,"2":0},"b":{}}
,"C:\\Users\\pedro.gabriel\\Documents\\PersonalStuff\\KroilonGamification\\KroilonApiV2\\src\\1presentation\\controllers\\MasterController.ts": {"path":"C:\\Users\\pedro.gabriel\\Documents\\PersonalStuff\\KroilonGamification\\KroilonApiV2\\src\\1presentation\\controllers\\MasterController.ts","statementMap":{"0":{"start":{"line":3,"column":0},"end":{"line":3,"column":46}},"1":{"start":{"line":5,"column":0},"end":{"line":5,"column":77}},"2":{"start":{"line":6,"column":0},"end":{"line":6,"column":44}},"3":{"start":{"line":7,"column":0},"end":{"line":7,"column":42}},"4":{"start":{"line":8,"column":0},"end":{"line":8,"column":38}},"5":{"start":{"line":9,"column":0},"end":{"line":9,"column":68}},"6":{"start":{"line":10,"column":0},"end":{"line":10,"column":76}},"7":{"start":{"line":11,"column":0},"end":{"line":11,"column":47}},"8":{"start":{"line":12,"column":0},"end":{"line":12,"column":47}},"9":{"start":{"line":13,"column":0},"end":{"line":13,"column":49}},"10":{"start":{"line":14,"column":0},"end":{"line":14,"column":55}},"11":{"start":{"line":15,"column":0},"end":{"line":15,"column":66}},"12":{"start":{"line":16,"column":0},"end":{"line":16,"column":42}},"13":{"start":{"line":20,"column":0},"end":{"line":165,"column":1}},"14":{"start":{"line":25,"column":12},"end":{"line":25,"column":69}},"15":{"start":{"line":28,"column":8},"end":{"line":28,"column":43}},"16":{"start":{"line":32,"column":8},"end":{"line":34,"column":47}},"17":{"start":{"line":36,"column":8},"end":{"line":37,"column":45}},"18":{"start":{"line":45,"column":8},"end":{"line":77,"column":10}},"19":{"start":{"line":45,"column":69},"end":{"line":77,"column":9}},"20":{"start":{"line":46,"column":12},"end":{"line":76,"column":19}},"21":{"start":{"line":48,"column":35},"end":{"line":48,"column":62}},"22":{"start":{"line":49,"column":37},"end":{"line":49,"column":60}},"23":{"start":{"line":50,"column":20},"end":{"line":50,"column":66}},"24":{"start":{"line":51,"column":20},"end":{"line":52,"column":104}},"25":{"start":{"line":53,"column":20},"end":{"line":53,"column":70}},"26":{"start":{"line":56,"column":20},"end":{"line":56,"column":39}},"27":{"start":{"line":58,"column":20},"end":{"line":65,"column":21}},"28":{"start":{"line":59,"column":41},"end":{"line":63,"column":46}},"29":{"start":{"line":64,"column":24},"end":{"line":64,"column":89}},"30":{"start":{"line":69,"column":33},"end":{"line":69,"column":36}},"31":{"start":{"line":70,"column":37},"end":{"line":73,"column":72}},"32":{"start":{"line":75,"column":20},"end":{"line":75,"column":86}},"33":{"start":{"line":85,"column":8},"end":{"line":108,"column":10}},"34":{"start":{"line":85,"column":69},"end":{"line":108,"column":9}},"35":{"start":{"line":86,"column":12},"end":{"line":107,"column":19}},"36":{"start":{"line":89,"column":20},"end":{"line":89,"column":42}},"37":{"start":{"line":90,"column":43},"end":{"line":90,"column":66}},"38":{"start":{"line":91,"column":51},"end":{"line":91,"column":81}},"39":{"start":{"line":93,"column":20},"end":{"line":96,"column":23}},"40":{"start":{"line":94,"column":24},"end":{"line":95,"column":89}},"41":{"start":{"line":98,"column":20},"end":{"line":98,"column":63}},"42":{"start":{"line":99,"column":20},"end":{"line":99,"column":78}},"43":{"start":{"line":101,"column":20},"end":{"line":101,"column":62}},"44":{"start":{"line":105,"column":20},"end":{"line":105,"column":40}},"45":{"start":{"line":106,"column":20},"end":{"line":106,"column":36}},"46":{"start":{"line":112,"column":8},"end":{"line":133,"column":10}},"47":{"start":{"line":112,"column":69},"end":{"line":133,"column":9}},"48":{"start":{"line":113,"column":23},"end":{"line":113,"column":46}},"49":{"start":{"line":114,"column":12},"end":{"line":132,"column":19}},"50":{"start":{"line":116,"column":20},"end":{"line":121,"column":21}},"51":{"start":{"line":117,"column":41},"end":{"line":117,"column":83}},"52":{"start":{"line":118,"column":24},"end":{"line":120,"column":43}},"53":{"start":{"line":122,"column":35},"end":{"line":122,"column":59}},"54":{"start":{"line":123,"column":37},"end":{"line":123,"column":60}},"55":{"start":{"line":124,"column":20},"end":{"line":124,"column":66}},"56":{"start":{"line":125,"column":20},"end":{"line":126,"column":104}},"57":{"start":{"line":127,"column":20},"end":{"line":127,"column":77}},"58":{"start":{"line":130,"column":20},"end":{"line":130,"column":40}},"59":{"start":{"line":131,"column":20},"end":{"line":131,"column":36}},"60":{"start":{"line":138,"column":25},"end":{"line":138,"column":39}},"61":{"start":{"line":139,"column":8},"end":{"line":139,"column":53}},"62":{"start":{"line":140,"column":8},"end":{"line":140,"column":57}},"63":{"start":{"line":141,"column":8},"end":{"line":141,"column":61}},"64":{"start":{"line":142,"column":8},"end":{"line":142,"column":59}},"65":{"start":{"line":143,"column":8},"end":{"line":143,"column":65}},"66":{"start":{"line":144,"column":8},"end":{"line":144,"column":24}},"67":{"start":{"line":148,"column":21},"end":{"line":148,"column":31}},"68":{"start":{"line":149,"column":8},"end":{"line":149,"column":25}},"69":{"start":{"line":150,"column":8},"end":{"line":150,"column":75}},"70":{"start":{"line":151,"column":8},"end":{"line":151,"column":70}},"71":{"start":{"line":152,"column":8},"end":{"line":152,"column":80}},"72":{"start":{"line":153,"column":8},"end":{"line":153,"column":73}},"73":{"start":{"line":154,"column":8},"end":{"line":154,"column":93}},"74":{"start":{"line":155,"column":8},"end":{"line":155,"column":115}},"75":{"start":{"line":156,"column":8},"end":{"line":156,"column":20}},"76":{"start":{"line":160,"column":23},"end":{"line":160,"column":46}},"77":{"start":{"line":161,"column":8},"end":{"line":161,"column":33}},"78":{"start":{"line":162,"column":8},"end":{"line":162,"column":38}},"79":{"start":{"line":163,"column":8},"end":{"line":163,"column":22}},"80":{"start":{"line":20,"column":13},"end":{"line":165,"column":1}},"81":{"start":{"line":20,"column":13},"end":{"line":20,"column":29}}},"fnMap":{"0":{"name":"(anonymous_10)","decl":{"start":{"line":27,"column":4},"end":{"line":27,"column":44}},"loc":{"start":{"line":27,"column":74},"end":{"line":29,"column":5}}},"1":{"name":"(anonymous_11)","decl":{"start":{"line":31,"column":4},"end":{"line":31,"column":11}},"loc":{"start":{"line":31,"column":37},"end":{"line":38,"column":5}}},"2":{"name":"(anonymous_12)","decl":{"start":{"line":44,"column":12},"end":{"line":44,"column":31}},"loc":{"start":{"line":44,"column":32},"end":{"line":78,"column":5}}},"3":{"name":"(anonymous_13)","decl":{"start":{"line":45,"column":15},"end":{"line":45,"column":22}},"loc":{"start":{"line":45,"column":69},"end":{"line":77,"column":9}}},"4":{"name":"(anonymous_14)","decl":{"start":{"line":45,"column":69},"end":{"line":null,"column":-1}},"loc":{"start":{"line":45,"column":69},"end":{"line":77,"column":9}}},"5":{"name":"(anonymous_15)","decl":{"start":{"line":47,"column":22},"end":{"line":47,"column":23}},"loc":{"start":{"line":47,"column":36},"end":{"line":54,"column":17}}},"6":{"name":"(anonymous_16)","decl":{"start":{"line":55,"column":23},"end":{"line":55,"column":24}},"loc":{"start":{"line":55,"column":33},"end":{"line":76,"column":17}}},"7":{"name":"(anonymous_17)","decl":{"start":{"line":84,"column":12},"end":{"line":84,"column":27}},"loc":{"start":{"line":84,"column":28},"end":{"line":109,"column":5}}},"8":{"name":"(anonymous_18)","decl":{"start":{"line":85,"column":15},"end":{"line":85,"column":22}},"loc":{"start":{"line":85,"column":69},"end":{"line":108,"column":9}}},"9":{"name":"(anonymous_19)","decl":{"start":{"line":85,"column":69},"end":{"line":null,"column":-1}},"loc":{"start":{"line":85,"column":69},"end":{"line":108,"column":9}}},"10":{"name":"(anonymous_20)","decl":{"start":{"line":87,"column":22},"end":{"line":87,"column":23}},"loc":{"start":{"line":87,"column":47},"end":{"line":102,"column":17}}},"11":{"name":"(anonymous_21)","decl":{"start":{"line":93,"column":36},"end":{"line":93,"column":41}},"loc":{"start":{"line":93,"column":45},"end":{"line":96,"column":21}}},"12":{"name":"(anonymous_22)","decl":{"start":{"line":104,"column":23},"end":{"line":104,"column":24}},"loc":{"start":{"line":104,"column":33},"end":{"line":107,"column":17}}},"13":{"name":"(anonymous_23)","decl":{"start":{"line":111,"column":12},"end":{"line":111,"column":30}},"loc":{"start":{"line":111,"column":31},"end":{"line":134,"column":5}}},"14":{"name":"(anonymous_24)","decl":{"start":{"line":112,"column":15},"end":{"line":112,"column":22}},"loc":{"start":{"line":112,"column":69},"end":{"line":133,"column":9}}},"15":{"name":"(anonymous_25)","decl":{"start":{"line":112,"column":69},"end":{"line":null,"column":-1}},"loc":{"start":{"line":112,"column":69},"end":{"line":133,"column":9}}},"16":{"name":"(anonymous_26)","decl":{"start":{"line":115,"column":22},"end":{"line":115,"column":23}},"loc":{"start":{"line":115,"column":33},"end":{"line":128,"column":17}}},"17":{"name":"(anonymous_27)","decl":{"start":{"line":129,"column":23},"end":{"line":129,"column":24}},"loc":{"start":{"line":129,"column":33},"end":{"line":132,"column":17}}},"18":{"name":"(anonymous_28)","decl":{"start":{"line":137,"column":12},"end":{"line":137,"column":24}},"loc":{"start":{"line":137,"column":25},"end":{"line":145,"column":5}}},"19":{"name":"(anonymous_29)","decl":{"start":{"line":147,"column":12},"end":{"line":147,"column":23}},"loc":{"start":{"line":147,"column":56},"end":{"line":157,"column":5}}},"20":{"name":"(anonymous_30)","decl":{"start":{"line":159,"column":12},"end":{"line":159,"column":22}},"loc":{"start":{"line":159,"column":44},"end":{"line":164,"column":5}}}},"branchMap":{"0":{"loc":{"start":{"line":58,"column":20},"end":{"line":65,"column":21}},"type":"if","locations":[{"start":{"line":58,"column":20},"end":{"line":65,"column":21}},{"start":{"line":58,"column":20},"end":{"line":65,"column":21}}]},"1":{"loc":{"start":{"line":116,"column":20},"end":{"line":121,"column":21}},"type":"if","locations":[{"start":{"line":116,"column":20},"end":{"line":121,"column":21}},{"start":{"line":116,"column":20},"end":{"line":121,"column":21}}]},"2":{"loc":{"start":{"line":27,"column":74},"end":{"line":null,"column":-1}},"type":"binary-expr","locations":[{"start":{"line":27,"column":74},"end":{"line":null,"column":-1}},{"start":{"line":27,"column":74},"end":{"line":null,"column":-1}}]},"3":{"loc":{"start":{"line":27,"column":60},"end":{"line":27,"column":74}},"type":"binary-expr","locations":[{"start":{"line":27,"column":60},"end":{"line":27,"column":74}}]}},"s":{"0":4,"1":4,"2":4,"3":4,"4":4,"5":4,"6":4,"7":4,"8":4,"9":4,"10":4,"11":4,"12":4,"13":4,"14":4,"15":4,"16":4,"17":4,"18":4,"19":4,"20":4,"21":2,"22":2,"23":2,"24":2,"25":2,"26":2,"27":2,"28":0,"29":0,"30":2,"31":2,"32":2,"33":4,"34":1,"35":1,"36":1,"37":1,"38":1,"39":1,"40":5,"41":1,"42":1,"43":1,"44":0,"45":0,"46":4,"47":2,"48":2,"49":2,"50":2,"51":1,"52":1,"53":1,"54":1,"55":1,"56":1,"57":1,"58":0,"59":0,"60":1,"61":1,"62":1,"63":1,"64":1,"65":1,"66":1,"67":5,"68":5,"69":5,"70":5,"71":5,"72":5,"73":5,"74":5,"75":5,"76":3,"77":3,"78":3,"79":3,"80":4,"81":4},"f":{"0":4,"1":4,"2":4,"3":4,"4":4,"5":2,"6":2,"7":4,"8":1,"9":1,"10":1,"11":5,"12":0,"13":4,"14":2,"15":2,"16":2,"17":0,"18":1,"19":5,"20":3},"b":{"0":[0,2],"1":[1,1],"2":[0,4],"3":[0]}}
,"C:\\Users\\pedro.gabriel\\Documents\\PersonalStuff\\KroilonGamification\\KroilonApiV2\\src\\1presentation\\responses\\Problem.ts": {"path":"C:\\Users\\pedro.gabriel\\Documents\\PersonalStuff\\KroilonGamification\\KroilonApiV2\\src\\1presentation\\responses\\Problem.ts","statementMap":{"0":{"start":{"line":2,"column":13},"end":{"line":2,"column":72}},"1":{"start":{"line":43,"column":8},"end":{"line":43,"column":29}},"2":{"start":{"line":44,"column":8},"end":{"line":44,"column":25}},"3":{"start":{"line":45,"column":8},"end":{"line":45,"column":27}},"4":{"start":{"line":46,"column":8},"end":{"line":46,"column":29}},"5":{"start":{"line":47,"column":8},"end":{"line":47,"column":33}},"6":{"start":{"line":4,"column":0},"end":{"line":54,"column":1}}},"fnMap":{"0":{"name":"(anonymous_0)","decl":{"start":{"line":42,"column":4},"end":{"line":42,"column":15}},"loc":{"start":{"line":42,"column":109},"end":{"line":48,"column":5}}}},"branchMap":{"0":{"loc":{"start":{"line":42,"column":96},"end":{"line":42,"column":109}},"type":"default-arg","locations":[{"start":{"line":42,"column":96},"end":{"line":42,"column":109}}]}},"s":{"0":4,"1":6,"2":6,"3":6,"4":6,"5":6,"6":4},"f":{"0":6},"b":{"0":[6]}}
,"C:\\Users\\pedro.gabriel\\Documents\\PersonalStuff\\KroilonGamification\\KroilonApiV2\\src\\1presentation\\responses\\collection\\Collection.ts": {"path":"C:\\Users\\pedro.gabriel\\Documents\\PersonalStuff\\KroilonGamification\\KroilonApiV2\\src\\1presentation\\responses\\collection\\Collection.ts","statementMap":{"0":{"start":{"line":7,"column":13},"end":{"line":7,"column":61}},"1":{"start":{"line":21,"column":8},"end":{"line":21,"column":24}},"2":{"start":{"line":22,"column":8},"end":{"line":22,"column":24}},"3":{"start":{"line":24,"column":8},"end":{"line":24,"column":29}},"4":{"start":{"line":26,"column":8},"end":{"line":26,"column":25}},"5":{"start":{"line":9,"column":0},"end":{"line":28,"column":1}}},"fnMap":{"0":{"name":"(anonymous_0)","decl":{"start":{"line":20,"column":4},"end":{"line":20,"column":16}},"loc":{"start":{"line":20,"column":29},"end":{"line":27,"column":5}}}},"branchMap":{},"s":{"0":4,"1":1,"2":1,"3":1,"4":1,"5":4},"f":{"0":1},"b":{}}
,"C:\\Users\\pedro.gabriel\\Documents\\PersonalStuff\\KroilonGamification\\KroilonApiV2\\src\\1presentation\\responses\\collection\\Data.ts": {"path":"C:\\Users\\pedro.gabriel\\Documents\\PersonalStuff\\KroilonGamification\\KroilonApiV2\\src\\1presentation\\responses\\collection\\Data.ts","statementMap":{"0":{"start":{"line":7,"column":8},"end":{"line":7,"column":25}},"1":{"start":{"line":8,"column":8},"end":{"line":8,"column":27}},"2":{"start":{"line":9,"column":8},"end":{"line":9,"column":29}},"3":{"start":{"line":1,"column":0},"end":{"line":11,"column":1}}},"fnMap":{"0":{"name":"(anonymous_0)","decl":{"start":{"line":6,"column":4},"end":{"line":6,"column":15}},"loc":{"start":{"line":6,"column":59},"end":{"line":10,"column":5}}}},"branchMap":{},"s":{"0":35,"1":35,"2":35,"3":4},"f":{"0":35},"b":{}}
,"C:\\Users\\pedro.gabriel\\Documents\\PersonalStuff\\KroilonGamification\\KroilonApiV2\\src\\1presentation\\responses\\collection\\Item.ts": {"path":"C:\\Users\\pedro.gabriel\\Documents\\PersonalStuff\\KroilonGamification\\KroilonApiV2\\src\\1presentation\\responses\\collection\\Item.ts","statementMap":{"0":{"start":{"line":14,"column":8},"end":{"line":14,"column":23}},"1":{"start":{"line":15,"column":8},"end":{"line":15,"column":24}},"2":{"start":{"line":4,"column":0},"end":{"line":18,"column":1}}},"fnMap":{"0":{"name":"(anonymous_0)","decl":{"start":{"line":13,"column":4},"end":{"line":null,"column":-1}},"loc":{"start":{"line":13,"column":4},"end":{"line":16,"column":5}}}},"branchMap":{},"s":{"0":5,"1":5,"2":4},"f":{"0":5},"b":{}}
,"C:\\Users\\pedro.gabriel\\Documents\\PersonalStuff\\KroilonGamification\\KroilonApiV2\\src\\1presentation\\responses\\collection\\Link.ts": {"path":"C:\\Users\\pedro.gabriel\\Documents\\PersonalStuff\\KroilonGamification\\KroilonApiV2\\src\\1presentation\\responses\\collection\\Link.ts","statementMap":{"0":{"start":{"line":9,"column":8},"end":{"line":9,"column":23}},"1":{"start":{"line":10,"column":8},"end":{"line":10,"column":25}},"2":{"start":{"line":1,"column":0},"end":{"line":12,"column":1}}},"fnMap":{"0":{"name":"(anonymous_0)","decl":{"start":{"line":8,"column":4},"end":{"line":8,"column":15}},"loc":{"start":{"line":8,"column":41},"end":{"line":11,"column":5}}}},"branchMap":{},"s":{"0":1,"1":1,"2":4},"f":{"0":1},"b":{}}
,"C:\\Users\\pedro.gabriel\\Documents\\PersonalStuff\\KroilonGamification\\KroilonApiV2\\src\\1presentation\\responses\\collection\\Template.ts": {"path":"C:\\Users\\pedro.gabriel\\Documents\\PersonalStuff\\KroilonGamification\\KroilonApiV2\\src\\1presentation\\responses\\collection\\Template.ts","statementMap":{"0":{"start":{"line":8,"column":8},"end":{"line":8,"column":23}},"1":{"start":{"line":3,"column":0},"end":{"line":11,"column":1}}},"fnMap":{"0":{"name":"(anonymous_0)","decl":{"start":{"line":7,"column":4},"end":{"line":null,"column":-1}},"loc":{"start":{"line":7,"column":4},"end":{"line":9,"column":5}}}},"branchMap":{},"s":{"0":1,"1":4},"f":{"0":1},"b":{}}
,"C:\\Users\\pedro.gabriel\\Documents\\PersonalStuff\\KroilonGamification\\KroilonApiV2\\src\\1presentation\\responses\\siren\\Entity.ts": {"path":"C:\\Users\\pedro.gabriel\\Documents\\PersonalStuff\\KroilonGamification\\KroilonApiV2\\src\\1presentation\\responses\\siren\\Entity.ts","statementMap":{"0":{"start":{"line":7,"column":13},"end":{"line":7,"column":67}},"1":{"start":{"line":43,"column":8},"end":{"line":43,"column":24}},"2":{"start":{"line":13,"column":0},"end":{"line":46,"column":1}}},"fnMap":{"0":{"name":"(anonymous_0)","decl":{"start":{"line":42,"column":4},"end":{"line":null,"column":-1}},"loc":{"start":{"line":42,"column":4},"end":{"line":44,"column":5}}}},"branchMap":{},"s":{"0":4,"1":8,"2":4},"f":{"0":8},"b":{}}
,"C:\\Users\\pedro.gabriel\\Documents\\PersonalStuff\\KroilonGamification\\KroilonApiV2\\src\\1presentation\\responses\\siren\\Link.ts": {"path":"C:\\Users\\pedro.gabriel\\Documents\\PersonalStuff\\KroilonGamification\\KroilonApiV2\\src\\1presentation\\responses\\siren\\Link.ts","statementMap":{"0":{"start":{"line":6,"column":8},"end":{"line":6,"column":22}},"1":{"start":{"line":7,"column":8},"end":{"line":7,"column":27}},"2":{"start":{"line":8,"column":8},"end":{"line":8,"column":25}},"3":{"start":{"line":1,"column":0},"end":{"line":10,"column":1}}},"fnMap":{"0":{"name":"(anonymous_0)","decl":{"start":{"line":5,"column":4},"end":{"line":5,"column":15}},"loc":{"start":{"line":5,"column":41},"end":{"line":9,"column":5}}}},"branchMap":{},"s":{"0":11,"1":11,"2":11,"3":4},"f":{"0":11},"b":{}}
,"C:\\Users\\pedro.gabriel\\Documents\\PersonalStuff\\KroilonGamification\\KroilonApiV2\\src\\2application\\dto\\AcademyDTO.ts": {"path":"C:\\Users\\pedro.gabriel\\Documents\\PersonalStuff\\KroilonGamification\\KroilonApiV2\\src\\2application\\dto\\AcademyDTO.ts","statementMap":{"0":{"start":{"line":12,"column":8},"end":{"line":12,"column":25}},"1":{"start":{"line":13,"column":8},"end":{"line":13,"column":33}},"2":{"start":{"line":14,"column":8},"end":{"line":14,"column":31}},"3":{"start":{"line":15,"column":8},"end":{"line":15,"column":35}},"4":{"start":{"line":5,"column":0},"end":{"line":17,"column":1}}},"fnMap":{"0":{"name":"(anonymous_0)","decl":{"start":{"line":11,"column":4},"end":{"line":11,"column":15}},"loc":{"start":{"line":11,"column":93},"end":{"line":16,"column":5}}}},"branchMap":{},"s":{"0":7,"1":7,"2":7,"3":7,"4":4},"f":{"0":7},"b":{}}
,"C:\\Users\\pedro.gabriel\\Documents\\PersonalStuff\\KroilonGamification\\KroilonApiV2\\src\\2application\\dto\\MasterDTO.ts": {"path":"C:\\Users\\pedro.gabriel\\Documents\\PersonalStuff\\KroilonGamification\\KroilonApiV2\\src\\2application\\dto\\MasterDTO.ts","statementMap":{"0":{"start":{"line":17,"column":12},"end":{"line":17,"column":25}},"1":{"start":{"line":18,"column":12},"end":{"line":18,"column":29}},"2":{"start":{"line":19,"column":12},"end":{"line":19,"column":31}},"3":{"start":{"line":20,"column":12},"end":{"line":20,"column":33}},"4":{"start":{"line":21,"column":12},"end":{"line":21,"column":39}},"5":{"start":{"line":22,"column":12},"end":{"line":22,"column":39}},"6":{"start":{"line":1,"column":0},"end":{"line":24,"column":1}}},"fnMap":{"0":{"name":"(anonymous_0)","decl":{"start":{"line":10,"column":4},"end":{"line":11,"column":7}},"loc":{"start":{"line":16,"column":35},"end":{"line":23,"column":5}}}},"branchMap":{"0":{"loc":{"start":{"line":15,"column":28},"end":{"line":15,"column":37}},"type":"default-arg","locations":[{"start":{"line":15,"column":28},"end":{"line":15,"column":37}}]},"1":{"loc":{"start":{"line":16,"column":26},"end":{"line":16,"column":35}},"type":"default-arg","locations":[{"start":{"line":16,"column":26},"end":{"line":16,"column":35}}]}},"s":{"0":8,"1":8,"2":8,"3":8,"4":8,"5":8,"6":4},"f":{"0":8},"b":{"0":[4],"1":[0]}}
,"C:\\Users\\pedro.gabriel\\Documents\\PersonalStuff\\KroilonGamification\\KroilonApiV2\\src\\2application\\impl\\AcademyService.ts": {"path":"C:\\Users\\pedro.gabriel\\Documents\\PersonalStuff\\KroilonGamification\\KroilonApiV2\\src\\2application\\impl\\AcademyService.ts","statementMap":{"0":{"start":{"line":1,"column":0},"end":{"line":1,"column":46}},"1":{"start":{"line":5,"column":0},"end":{"line":5,"column":93}},"2":{"start":{"line":6,"column":0},"end":{"line":6,"column":38}},"3":{"start":{"line":7,"column":0},"end":{"line":7,"column":46}},"4":{"start":{"line":13,"column":0},"end":{"line":157,"column":1}},"5":{"start":{"line":19,"column":8},"end":{"line":23,"column":44}},"6":{"start":{"line":21,"column":16},"end":{"line":21,"column":70}},"7":{"start":{"line":23,"column":30},"end":{"line":23,"column":40}},"8":{"start":{"line":27,"column":8},"end":{"line":27,"column":25}},"9":{"start":{"line":28,"column":8},"end":{"line":86,"column":40}},"10":{"start":{"line":29,"column":12},"end":{"line":30,"column":62}},"11":{"start":{"line":30,"column":16},"end":{"line":30,"column":62}},"12":{"start":{"line":33,"column":28},"end":{"line":33,"column":30}},"13":{"start":{"line":34,"column":12},"end":{"line":43,"column":15}},"14":{"start":{"line":35,"column":16},"end":{"line":42,"column":19}},"15":{"start":{"line":46,"column":29},"end":{"line":46,"column":31}},"16":{"start":{"line":47,"column":12},"end":{"line":60,"column":14}},"17":{"start":{"line":48,"column":20},"end":{"line":58,"column":23}},"18":{"start":{"line":62,"column":12},"end":{"line":75,"column":14}},"19":{"start":{"line":63,"column":20},"end":{"line":73,"column":23}},"20":{"start":{"line":77,"column":12},"end":{"line":82,"column":21}},"21":{"start":{"line":85,"column":31},"end":{"line":85,"column":42}},"22":{"start":{"line":86,"column":26},"end":{"line":86,"column":36}},"23":{"start":{"line":91,"column":8},"end":{"line":95,"column":44}},"24":{"start":{"line":93,"column":16},"end":{"line":93,"column":70}},"25":{"start":{"line":95,"column":30},"end":{"line":95,"column":40}},"26":{"start":{"line":99,"column":8},"end":{"line":114,"column":45}},"27":{"start":{"line":101,"column":16},"end":{"line":103,"column":17}},"28":{"start":{"line":102,"column":20},"end":{"line":102,"column":64}},"29":{"start":{"line":106,"column":16},"end":{"line":111,"column":23}},"30":{"start":{"line":113,"column":25},"end":{"line":113,"column":38}},"31":{"start":{"line":114,"column":30},"end":{"line":114,"column":40}},"32":{"start":{"line":118,"column":8},"end":{"line":118,"column":82}},"33":{"start":{"line":122,"column":21},"end":{"line":122,"column":23}},"34":{"start":{"line":123,"column":8},"end":{"line":136,"column":10}},"35":{"start":{"line":124,"column":12},"end":{"line":134,"column":15}},"36":{"start":{"line":137,"column":8},"end":{"line":137,"column":20}},"37":{"start":{"line":141,"column":21},"end":{"line":141,"column":23}},"38":{"start":{"line":142,"column":8},"end":{"line":142,"column":34}},"39":{"start":{"line":142,"column":22},"end":{"line":142,"column":34}},"40":{"start":{"line":143,"column":8},"end":{"line":153,"column":10}},"41":{"start":{"line":144,"column":12},"end":{"line":151,"column":15}},"42":{"start":{"line":154,"column":8},"end":{"line":154,"column":20}},"43":{"start":{"line":16,"column":4},"end":{"line":16,"column":50}},"44":{"start":{"line":13,"column":13},"end":{"line":157,"column":1}},"45":{"start":{"line":13,"column":13},"end":{"line":13,"column":27}}},"fnMap":{"0":{"name":"(anonymous_2)","decl":{"start":{"line":18,"column":4},"end":{"line":18,"column":13}},"loc":{"start":{"line":18,"column":14},"end":{"line":24,"column":5}}},"1":{"name":"(anonymous_3)","decl":{"start":{"line":20,"column":18},"end":{"line":20,"column":19}},"loc":{"start":{"line":20,"column":26},"end":{"line":22,"column":13}}},"2":{"name":"(anonymous_4)","decl":{"start":{"line":23,"column":19},"end":{"line":23,"column":20}},"loc":{"start":{"line":23,"column":27},"end":{"line":23,"column":42}}},"3":{"name":"(anonymous_5)","decl":{"start":{"line":26,"column":4},"end":{"line":26,"column":16}},"loc":{"start":{"line":26,"column":33},"end":{"line":87,"column":5}}},"4":{"name":"(anonymous_6)","decl":{"start":{"line":28,"column":38},"end":{"line":28,"column":39}},"loc":{"start":{"line":28,"column":50},"end":{"line":84,"column":9}}},"5":{"name":"(anonymous_7)","decl":{"start":{"line":34,"column":32},"end":{"line":34,"column":34}},"loc":{"start":{"line":34,"column":38},"end":{"line":43,"column":13}}},"6":{"name":"(anonymous_8)","decl":{"start":{"line":47,"column":33},"end":{"line":47,"column":35}},"loc":{"start":{"line":47,"column":39},"end":{"line":59,"column":17}}},"7":{"name":"(anonymous_9)","decl":{"start":{"line":62,"column":37},"end":{"line":62,"column":39}},"loc":{"start":{"line":62,"column":43},"end":{"line":74,"column":17}}},"8":{"name":"(anonymous_10)","decl":{"start":{"line":85,"column":14},"end":{"line":85,"column":15}},"loc":{"start":{"line":85,"column":31},"end":{"line":85,"column":42}}},"9":{"name":"(anonymous_11)","decl":{"start":{"line":86,"column":15},"end":{"line":86,"column":16}},"loc":{"start":{"line":86,"column":23},"end":{"line":86,"column":38}}},"10":{"name":"(anonymous_12)","decl":{"start":{"line":90,"column":4},"end":{"line":90,"column":19}},"loc":{"start":{"line":90,"column":33},"end":{"line":96,"column":5}}},"11":{"name":"(anonymous_13)","decl":{"start":{"line":92,"column":18},"end":{"line":92,"column":19}},"loc":{"start":{"line":92,"column":26},"end":{"line":94,"column":13}}},"12":{"name":"(anonymous_14)","decl":{"start":{"line":95,"column":19},"end":{"line":95,"column":20}},"loc":{"start":{"line":95,"column":27},"end":{"line":95,"column":42}}},"13":{"name":"(anonymous_15)","decl":{"start":{"line":98,"column":4},"end":{"line":98,"column":16}},"loc":{"start":{"line":98,"column":33},"end":{"line":115,"column":5}}},"14":{"name":"(anonymous_16)","decl":{"start":{"line":100,"column":18},"end":{"line":100,"column":19}},"loc":{"start":{"line":100,"column":26},"end":{"line":104,"column":13}}},"15":{"name":"(anonymous_17)","decl":{"start":{"line":105,"column":18},"end":{"line":105,"column":20}},"loc":{"start":{"line":105,"column":23},"end":{"line":112,"column":13}}},"16":{"name":"(anonymous_18)","decl":{"start":{"line":113,"column":18},"end":{"line":113,"column":19}},"loc":{"start":{"line":113,"column":25},"end":{"line":113,"column":38}}},"17":{"name":"(anonymous_19)","decl":{"start":{"line":114,"column":19},"end":{"line":114,"column":20}},"loc":{"start":{"line":114,"column":27},"end":{"line":114,"column":42}}},"18":{"name":"(anonymous_20)","decl":{"start":{"line":117,"column":12},"end":{"line":117,"column":16}},"loc":{"start":{"line":117,"column":33},"end":{"line":119,"column":5}}},"19":{"name":"(anonymous_21)","decl":{"start":{"line":121,"column":12},"end":{"line":121,"column":28}},"loc":{"start":{"line":121,"column":52},"end":{"line":138,"column":5}}},"20":{"name":"(anonymous_22)","decl":{"start":{"line":123,"column":25},"end":{"line":123,"column":27}},"loc":{"start":{"line":123,"column":31},"end":{"line":135,"column":12}}},"21":{"name":"(anonymous_23)","decl":{"start":{"line":140,"column":12},"end":{"line":140,"column":27}},"loc":{"start":{"line":140,"column":49},"end":{"line":155,"column":5}}},"22":{"name":"(anonymous_24)","decl":{"start":{"line":143,"column":24},"end":{"line":143,"column":26}},"loc":{"start":{"line":143,"column":30},"end":{"line":152,"column":12}}}},"branchMap":{"0":{"loc":{"start":{"line":21,"column":42},"end":{"line":21,"column":57}},"type":"cond-expr","locations":[{"start":{"line":21,"column":42},"end":{"line":21,"column":57}},{"start":{"line":21,"column":60},"end":{"line":21,"column":69}}]},"1":{"loc":{"start":{"line":29,"column":12},"end":{"line":30,"column":62}},"type":"if","locations":[{"start":{"line":29,"column":12},"end":{"line":30,"column":62}},{"start":{"line":29,"column":12},"end":{"line":30,"column":62}}]},"2":{"loc":{"start":{"line":40,"column":31},"end":{"line":40,"column":44}},"type":"binary-expr","locations":[{"start":{"line":40,"column":31},"end":{"line":40,"column":44}},{"start":{"line":40,"column":48},"end":{"line":40,"column":50}}]},"3":{"loc":{"start":{"line":41,"column":31},"end":{"line":41,"column":44}},"type":"binary-expr","locations":[{"start":{"line":41,"column":31},"end":{"line":41,"column":44}},{"start":{"line":41,"column":48},"end":{"line":41,"column":68}}]},"4":{"loc":{"start":{"line":57,"column":35},"end":{"line":57,"column":48}},"type":"binary-expr","locations":[{"start":{"line":57,"column":35},"end":{"line":57,"column":48}},{"start":{"line":57,"column":52},"end":{"line":57,"column":72}}]},"5":{"loc":{"start":{"line":72,"column":35},"end":{"line":72,"column":48}},"type":"binary-expr","locations":[{"start":{"line":72,"column":35},"end":{"line":72,"column":48}},{"start":{"line":72,"column":52},"end":{"line":72,"column":72}}]},"6":{"loc":{"start":{"line":93,"column":42},"end":{"line":93,"column":57}},"type":"cond-expr","locations":[{"start":{"line":93,"column":42},"end":{"line":93,"column":57}},{"start":{"line":93,"column":60},"end":{"line":93,"column":69}}]},"7":{"loc":{"start":{"line":101,"column":16},"end":{"line":103,"column":17}},"type":"if","locations":[{"start":{"line":101,"column":16},"end":{"line":103,"column":17}},{"start":{"line":101,"column":16},"end":{"line":103,"column":17}}]},"8":{"loc":{"start":{"line":133,"column":27},"end":{"line":133,"column":40}},"type":"binary-expr","locations":[{"start":{"line":133,"column":27},"end":{"line":133,"column":40}},{"start":{"line":133,"column":44},"end":{"line":133,"column":64}}]},"9":{"loc":{"start":{"line":142,"column":8},"end":{"line":142,"column":34}},"type":"if","locations":[{"start":{"line":142,"column":8},"end":{"line":142,"column":34}},{"start":{"line":142,"column":8},"end":{"line":142,"column":34}}]},"10":{"loc":{"start":{"line":149,"column":27},"end":{"line":149,"column":40}},"type":"binary-expr","locations":[{"start":{"line":149,"column":27},"end":{"line":149,"column":40}},{"start":{"line":149,"column":44},"end":{"line":149,"column":46}}]},"11":{"loc":{"start":{"line":150,"column":27},"end":{"line":150,"column":40}},"type":"binary-expr","locations":[{"start":{"line":150,"column":27},"end":{"line":150,"column":40}},{"start":{"line":150,"column":44},"end":{"line":150,"column":64}}]},"12":{"loc":{"start":{"line":16,"column":49},"end":{"line":null,"column":-1}},"type":"binary-expr","locations":[{"start":{"line":16,"column":49},"end":{"line":null,"column":-1}},{"start":{"line":16,"column":49},"end":{"line":null,"column":-1}}]},"13":{"loc":{"start":{"line":16,"column":31},"end":{"line":16,"column":49}},"type":"binary-expr","locations":[{"start":{"line":16,"column":31},"end":{"line":16,"column":49}}]}},"s":{"0":4,"1":4,"2":4,"3":4,"4":4,"5":4,"6":4,"7":0,"8":2,"9":2,"10":2,"11":0,"12":2,"13":2,"14":2,"15":2,"16":2,"17":0,"18":2,"19":0,"20":2,"21":2,"22":0,"23":2,"24":2,"25":0,"26":2,"27":2,"28":0,"29":2,"30":2,"31":0,"32":7,"33":2,"34":2,"35":0,"36":2,"37":2,"38":2,"39":1,"40":1,"41":1,"42":1,"43":4,"44":4,"45":4},"f":{"0":4,"1":4,"2":0,"3":2,"4":2,"5":2,"6":0,"7":0,"8":2,"9":0,"10":2,"11":2,"12":0,"13":2,"14":2,"15":2,"16":2,"17":0,"18":7,"19":2,"20":0,"21":2,"22":1},"b":{"0":[4,0],"1":[0,2],"2":[2,0],"3":[2,0],"4":[0,0],"5":[0,0],"6":[1,1],"7":[0,2],"8":[0,0],"9":[1,1],"10":[1,1],"11":[1,1],"12":[0,4],"13":[0]}}
,"C:\\Users\\pedro.gabriel\\Documents\\PersonalStuff\\KroilonGamification\\KroilonApiV2\\src\\2application\\impl\\MasterService.ts": {"path":"C:\\Users\\pedro.gabriel\\Documents\\PersonalStuff\\KroilonGamification\\KroilonApiV2\\src\\2application\\impl\\MasterService.ts","statementMap":{"0":{"start":{"line":1,"column":0},"end":{"line":1,"column":46}},"1":{"start":{"line":3,"column":0},"end":{"line":3,"column":93}},"2":{"start":{"line":4,"column":0},"end":{"line":4,"column":91}},"3":{"start":{"line":5,"column":0},"end":{"line":5,"column":38}},"4":{"start":{"line":6,"column":0},"end":{"line":6,"column":44}},"5":{"start":{"line":7,"column":0},"end":{"line":7,"column":63}},"6":{"start":{"line":11,"column":0},"end":{"line":78,"column":1}},"7":{"start":{"line":23,"column":8},"end":{"line":28,"column":15}},"8":{"start":{"line":24,"column":31},"end":{"line":24,"column":91}},"9":{"start":{"line":24,"column":65},"end":{"line":24,"column":88}},"10":{"start":{"line":26,"column":16},"end":{"line":26,"column":33}},"11":{"start":{"line":27,"column":16},"end":{"line":27,"column":26}},"12":{"start":{"line":32,"column":8},"end":{"line":36,"column":44}},"13":{"start":{"line":34,"column":16},"end":{"line":34,"column":70}},"14":{"start":{"line":36,"column":30},"end":{"line":36,"column":40}},"15":{"start":{"line":40,"column":8},"end":{"line":65,"column":44}},"16":{"start":{"line":42,"column":16},"end":{"line":44,"column":17}},"17":{"start":{"line":43,"column":20},"end":{"line":43,"column":64}},"18":{"start":{"line":46,"column":24},"end":{"line":46,"column":68}},"19":{"start":{"line":47,"column":30},"end":{"line":53,"column":18}},"20":{"start":{"line":54,"column":30},"end":{"line":63,"column":13}},"21":{"start":{"line":56,"column":16},"end":{"line":60,"column":19}},"22":{"start":{"line":62,"column":16},"end":{"line":62,"column":25}},"23":{"start":{"line":64,"column":25},"end":{"line":64,"column":38}},"24":{"start":{"line":65,"column":30},"end":{"line":65,"column":40}},"25":{"start":{"line":69,"column":8},"end":{"line":75,"column":33}},"26":{"start":{"line":14,"column":4},"end":{"line":14,"column":48}},"27":{"start":{"line":17,"column":4},"end":{"line":17,"column":50}},"28":{"start":{"line":20,"column":4},"end":{"line":20,"column":40}},"29":{"start":{"line":11,"column":13},"end":{"line":78,"column":1}},"30":{"start":{"line":11,"column":13},"end":{"line":11,"column":26}}},"fnMap":{"0":{"name":"(anonymous_8)","decl":{"start":{"line":22,"column":4},"end":{"line":22,"column":13}},"loc":{"start":{"line":22,"column":14},"end":{"line":29,"column":5}}},"1":{"name":"(anonymous_9)","decl":{"start":{"line":24,"column":18},"end":{"line":24,"column":19}},"loc":{"start":{"line":24,"column":31},"end":{"line":24,"column":91}}},"2":{"name":"(anonymous_10)","decl":{"start":{"line":24,"column":43},"end":{"line":24,"column":44}},"loc":{"start":{"line":24,"column":62},"end":{"line":24,"column":90}}},"3":{"name":"(anonymous_11)","decl":{"start":{"line":25,"column":19},"end":{"line":25,"column":20}},"loc":{"start":{"line":25,"column":27},"end":{"line":28,"column":13}}},"4":{"name":"(anonymous_12)","decl":{"start":{"line":31,"column":4},"end":{"line":31,"column":13}},"loc":{"start":{"line":31,"column":38},"end":{"line":37,"column":5}}},"5":{"name":"(anonymous_13)","decl":{"start":{"line":33,"column":18},"end":{"line":33,"column":19}},"loc":{"start":{"line":33,"column":26},"end":{"line":35,"column":13}}},"6":{"name":"(anonymous_14)","decl":{"start":{"line":36,"column":19},"end":{"line":36,"column":20}},"loc":{"start":{"line":36,"column":27},"end":{"line":36,"column":42}}},"7":{"name":"(anonymous_15)","decl":{"start":{"line":39,"column":4},"end":{"line":39,"column":15}},"loc":{"start":{"line":39,"column":35},"end":{"line":66,"column":5}}},"8":{"name":"(anonymous_16)","decl":{"start":{"line":41,"column":18},"end":{"line":41,"column":19}},"loc":{"start":{"line":41,"column":26},"end":{"line":45,"column":13}}},"9":{"name":"(anonymous_17)","decl":{"start":{"line":46,"column":18},"end":{"line":46,"column":20}},"loc":{"start":{"line":46,"column":24},"end":{"line":46,"column":68}}},"10":{"name":"(anonymous_18)","decl":{"start":{"line":47,"column":18},"end":{"line":47,"column":19}},"loc":{"start":{"line":47,"column":30},"end":{"line":53,"column":18}}},"11":{"name":"(anonymous_19)","decl":{"start":{"line":54,"column":18},"end":{"line":54,"column":25}},"loc":{"start":{"line":54,"column":30},"end":{"line":63,"column":13}}},"12":{"name":"(anonymous_20)","decl":{"start":{"line":54,"column":30},"end":{"line":null,"column":-1}},"loc":{"start":{"line":54,"column":30},"end":{"line":63,"column":13}}},"13":{"name":"(anonymous_21)","decl":{"start":{"line":64,"column":18},"end":{"line":64,"column":19}},"loc":{"start":{"line":64,"column":25},"end":{"line":64,"column":38}}},"14":{"name":"(anonymous_22)","decl":{"start":{"line":65,"column":19},"end":{"line":65,"column":20}},"loc":{"start":{"line":65,"column":27},"end":{"line":65,"column":42}}},"15":{"name":"(anonymous_23)","decl":{"start":{"line":68,"column":12},"end":{"line":68,"column":16}},"loc":{"start":{"line":68,"column":38},"end":{"line":76,"column":5}}}},"branchMap":{"0":{"loc":{"start":{"line":31,"column":36},"end":{"line":31,"column":38}},"type":"default-arg","locations":[{"start":{"line":31,"column":36},"end":{"line":31,"column":38}}]},"1":{"loc":{"start":{"line":34,"column":42},"end":{"line":34,"column":57}},"type":"cond-expr","locations":[{"start":{"line":34,"column":42},"end":{"line":34,"column":57}},{"start":{"line":34,"column":60},"end":{"line":34,"column":69}}]},"2":{"loc":{"start":{"line":42,"column":16},"end":{"line":44,"column":17}},"type":"if","locations":[{"start":{"line":42,"column":16},"end":{"line":44,"column":17}},{"start":{"line":42,"column":16},"end":{"line":44,"column":17}}]},"3":{"loc":{"start":{"line":14,"column":47},"end":{"line":null,"column":-1}},"type":"binary-expr","locations":[{"start":{"line":14,"column":47},"end":{"line":null,"column":-1}},{"start":{"line":14,"column":47},"end":{"line":null,"column":-1}}]},"4":{"loc":{"start":{"line":14,"column":30},"end":{"line":14,"column":47}},"type":"binary-expr","locations":[{"start":{"line":14,"column":30},"end":{"line":14,"column":47}}]},"5":{"loc":{"start":{"line":17,"column":49},"end":{"line":null,"column":-1}},"type":"binary-expr","locations":[{"start":{"line":17,"column":49},"end":{"line":null,"column":-1}},{"start":{"line":17,"column":49},"end":{"line":null,"column":-1}}]},"6":{"loc":{"start":{"line":17,"column":31},"end":{"line":17,"column":49}},"type":"binary-expr","locations":[{"start":{"line":17,"column":31},"end":{"line":17,"column":49}}]},"7":{"loc":{"start":{"line":20,"column":39},"end":{"line":null,"column":-1}},"type":"binary-expr","locations":[{"start":{"line":20,"column":39},"end":{"line":null,"column":-1}},{"start":{"line":20,"column":39},"end":{"line":null,"column":-1}}]},"8":{"loc":{"start":{"line":20,"column":24},"end":{"line":20,"column":39}},"type":"binary-expr","locations":[{"start":{"line":20,"column":24},"end":{"line":20,"column":39}}]}},"s":{"0":4,"1":4,"2":4,"3":4,"4":4,"5":4,"6":4,"7":1,"8":1,"9":5,"10":0,"11":0,"12":2,"13":2,"14":0,"15":4,"16":4,"17":2,"18":2,"19":2,"20":2,"21":2,"22":2,"23":2,"24":2,"25":8,"26":4,"27":4,"28":4,"29":4,"30":4},"f":{"0":1,"1":1,"2":5,"3":0,"4":2,"5":2,"6":0,"7":4,"8":4,"9":2,"10":2,"11":2,"12":2,"13":2,"14":2,"15":8},"b":{"0":[0],"1":[1,1],"2":[2,2],"3":[0,4],"4":[0],"5":[0,4],"6":[0],"7":[0,4],"8":[0]}}
,"C:\\Users\\pedro.gabriel\\Documents\\PersonalStuff\\KroilonGamification\\KroilonApiV2\\src\\3domain\\models\\AcademySchema.ts": {"path":"C:\\Users\\pedro.gabriel\\Documents\\PersonalStuff\\KroilonGamification\\KroilonApiV2\\src\\3domain\\models\\AcademySchema.ts","statementMap":{"0":{"start":{"line":1,"column":0},"end":{"line":1,"column":73}},"1":{"start":{"line":15,"column":0},"end":{"line":34,"column":1}},"2":{"start":{"line":32,"column":8},"end":{"line":32,"column":45}},"3":{"start":{"line":17,"column":4},"end":{"line":17,"column":23}},"4":{"start":{"line":20,"column":4},"end":{"line":20,"column":24}},"5":{"start":{"line":23,"column":4},"end":{"line":23,"column":32}},"6":{"start":{"line":26,"column":4},"end":{"line":26,"column":34}},"7":{"start":{"line":29,"column":4},"end":{"line":29,"column":29}},"8":{"start":{"line":15,"column":13},"end":{"line":34,"column":1}},"9":{"start":{"line":15,"column":13},"end":{"line":15,"column":31}}},"fnMap":{"0":{"name":"(anonymous_2)","decl":{"start":{"line":31,"column":4},"end":{"line":31,"column":9}},"loc":{"start":{"line":31,"column":37},"end":{"line":33,"column":5}}}},"branchMap":{},"s":{"0":4,"1":4,"2":6,"3":4,"4":4,"5":4,"6":4,"7":4,"8":4,"9":4},"f":{"0":6},"b":{}}
,"C:\\Users\\pedro.gabriel\\Documents\\PersonalStuff\\KroilonGamification\\KroilonApiV2\\src\\3domain\\models\\MasterSchema.ts": {"path":"C:\\Users\\pedro.gabriel\\Documents\\PersonalStuff\\KroilonGamification\\KroilonApiV2\\src\\3domain\\models\\MasterSchema.ts","statementMap":{"0":{"start":{"line":1,"column":0},"end":{"line":1,"column":73}},"1":{"start":{"line":17,"column":0},"end":{"line":43,"column":1}},"2":{"start":{"line":41,"column":8},"end":{"line":41,"column":35}},"3":{"start":{"line":19,"column":4},"end":{"line":19,"column":23}},"4":{"start":{"line":22,"column":4},"end":{"line":22,"column":22}},"5":{"start":{"line":25,"column":4},"end":{"line":25,"column":24}},"6":{"start":{"line":28,"column":4},"end":{"line":28,"column":25}},"7":{"start":{"line":31,"column":4},"end":{"line":31,"column":26}},"8":{"start":{"line":34,"column":4},"end":{"line":34,"column":29}},"9":{"start":{"line":37,"column":4},"end":{"line":37,"column":27}},"10":{"start":{"line":17,"column":13},"end":{"line":43,"column":1}},"11":{"start":{"line":17,"column":13},"end":{"line":17,"column":30}}},"fnMap":{"0":{"name":"(anonymous_2)","decl":{"start":{"line":39,"column":4},"end":{"line":39,"column":9}},"loc":{"start":{"line":39,"column":36},"end":{"line":42,"column":5}}}},"branchMap":{},"s":{"0":4,"1":4,"2":5,"3":4,"4":4,"5":4,"6":4,"7":4,"8":4,"9":4,"10":4,"11":4},"f":{"0":5},"b":{}}
,"C:\\Users\\pedro.gabriel\\Documents\\PersonalStuff\\KroilonGamification\\KroilonApiV2\\src\\3domain\\repositories\\KroilonDatabase.ts": {"path":"C:\\Users\\pedro.gabriel\\Documents\\PersonalStuff\\KroilonGamification\\KroilonApiV2\\src\\3domain\\repositories\\KroilonDatabase.ts","statementMap":{"0":{"start":{"line":1,"column":0},"end":{"line":1,"column":37}},"1":{"start":{"line":2,"column":0},"end":{"line":2,"column":72}},"2":{"start":{"line":3,"column":0},"end":{"line":3,"column":69}},"3":{"start":{"line":8,"column":11},"end":{"line":8,"column":86}},"4":{"start":{"line":10,"column":11},"end":{"line":10,"column":89}},"5":{"start":{"line":14,"column":13},"end":{"line":15,"column":103}}},"fnMap":{"0":{"name":"(anonymous_0)","decl":{"start":{"line":6,"column":0},"end":{"line":null,"column":-1}},"loc":{"start":{"line":6,"column":0},"end":{"line":12,"column":1}}}},"branchMap":{},"s":{"0":4,"1":4,"2":4,"3":4,"4":4,"5":4},"f":{"0":4},"b":{}}
,"C:\\Users\\pedro.gabriel\\Documents\\PersonalStuff\\KroilonGamification\\KroilonApiV2\\src\\3domain\\repositories\\impl\\AcademyRepository.ts": {"path":"C:\\Users\\pedro.gabriel\\Documents\\PersonalStuff\\KroilonGamification\\KroilonApiV2\\src\\3domain\\repositories\\impl\\AcademyRepository.ts","statementMap":{"0":{"start":{"line":1,"column":0},"end":{"line":1,"column":38}},"1":{"start":{"line":3,"column":0},"end":{"line":3,"column":52}},"2":{"start":{"line":7,"column":0},"end":{"line":57,"column":1}},"3":{"start":{"line":9,"column":12},"end":{"line":9,"column":34}},"4":{"start":{"line":12,"column":41},"end":{"line":14,"column":43}},"5":{"start":{"line":13,"column":24},"end":{"line":13,"column":64}},"6":{"start":{"line":14,"column":30},"end":{"line":14,"column":40}},"7":{"start":{"line":15,"column":8},"end":{"line":15,"column":26}},"8":{"start":{"line":19,"column":8},"end":{"line":21,"column":45}},"9":{"start":{"line":20,"column":27},"end":{"line":20,"column":34}},"10":{"start":{"line":21,"column":30},"end":{"line":21,"column":41}},"11":{"start":{"line":25,"column":8},"end":{"line":27,"column":44}},"12":{"start":{"line":26,"column":24},"end":{"line":26,"column":66}},"13":{"start":{"line":27,"column":30},"end":{"line":27,"column":40}},"14":{"start":{"line":31,"column":8},"end":{"line":33,"column":44}},"15":{"start":{"line":32,"column":24},"end":{"line":32,"column":67}},"16":{"start":{"line":33,"column":30},"end":{"line":33,"column":40}},"17":{"start":{"line":37,"column":8},"end":{"line":39,"column":44}},"18":{"start":{"line":38,"column":24},"end":{"line":38,"column":59}},"19":{"start":{"line":39,"column":30},"end":{"line":39,"column":40}},"20":{"start":{"line":43,"column":8},"end":{"line":45,"column":44}},"21":{"start":{"line":44,"column":24},"end":{"line":44,"column":77}},"22":{"start":{"line":45,"column":30},"end":{"line":45,"column":40}},"23":{"start":{"line":49,"column":8},"end":{"line":54,"column":45}},"24":{"start":{"line":50,"column":24},"end":{"line":52,"column":26}},"25":{"start":{"line":53,"column":27},"end":{"line":53,"column":30}},"26":{"start":{"line":54,"column":30},"end":{"line":54,"column":41}},"27":{"start":{"line":7,"column":13},"end":{"line":57,"column":1}},"28":{"start":{"line":7,"column":13},"end":{"line":7,"column":30}}},"fnMap":{"0":{"name":"(anonymous_7)","decl":{"start":{"line":6,"column":0},"end":{"line":null,"column":-1}},"loc":{"start":{"line":6,"column":0},"end":{"line":57,"column":1}}},"1":{"name":"(anonymous_8)","decl":{"start":{"line":11,"column":10},"end":{"line":11,"column":16}},"loc":{"start":{"line":11,"column":17},"end":{"line":16,"column":5}}},"2":{"name":"(anonymous_10)","decl":{"start":{"line":13,"column":18},"end":{"line":13,"column":20}},"loc":{"start":{"line":13,"column":24},"end":{"line":13,"column":64}}},"3":{"name":"(anonymous_11)","decl":{"start":{"line":14,"column":19},"end":{"line":14,"column":20}},"loc":{"start":{"line":14,"column":27},"end":{"line":14,"column":42}}},"4":{"name":"(anonymous_12)","decl":{"start":{"line":18,"column":10},"end":{"line":18,"column":28}},"loc":{"start":{"line":18,"column":29},"end":{"line":22,"column":5}}},"5":{"name":"(anonymous_14)","decl":{"start":{"line":20,"column":18},"end":{"line":20,"column":19}},"loc":{"start":{"line":20,"column":27},"end":{"line":20,"column":34}}},"6":{"name":"(anonymous_15)","decl":{"start":{"line":21,"column":19},"end":{"line":21,"column":20}},"loc":{"start":{"line":21,"column":27},"end":{"line":21,"column":43}}},"7":{"name":"(anonymous_16)","decl":{"start":{"line":24,"column":10},"end":{"line":24,"column":19}},"loc":{"start":{"line":24,"column":40},"end":{"line":28,"column":5}}},"8":{"name":"(anonymous_18)","decl":{"start":{"line":26,"column":18},"end":{"line":26,"column":20}},"loc":{"start":{"line":26,"column":24},"end":{"line":26,"column":66}}},"9":{"name":"(anonymous_19)","decl":{"start":{"line":27,"column":19},"end":{"line":27,"column":20}},"loc":{"start":{"line":27,"column":27},"end":{"line":27,"column":42}}},"10":{"name":"(anonymous_20)","decl":{"start":{"line":30,"column":10},"end":{"line":30,"column":16}},"loc":{"start":{"line":30,"column":37},"end":{"line":34,"column":5}}},"11":{"name":"(anonymous_22)","decl":{"start":{"line":32,"column":18},"end":{"line":32,"column":20}},"loc":{"start":{"line":32,"column":24},"end":{"line":32,"column":67}}},"12":{"name":"(anonymous_23)","decl":{"start":{"line":33,"column":19},"end":{"line":33,"column":20}},"loc":{"start":{"line":33,"column":27},"end":{"line":33,"column":42}}},"13":{"name":"(anonymous_24)","decl":{"start":{"line":36,"column":10},"end":{"line":36,"column":15}},"loc":{"start":{"line":36,"column":32},"end":{"line":40,"column":5}}},"14":{"name":"(anonymous_26)","decl":{"start":{"line":38,"column":18},"end":{"line":38,"column":20}},"loc":{"start":{"line":38,"column":24},"end":{"line":38,"column":59}}},"15":{"name":"(anonymous_27)","decl":{"start":{"line":39,"column":19},"end":{"line":39,"column":20}},"loc":{"start":{"line":39,"column":27},"end":{"line":39,"column":42}}},"16":{"name":"(anonymous_28)","decl":{"start":{"line":42,"column":10},"end":{"line":42,"column":15}},"loc":{"start":{"line":42,"column":32},"end":{"line":46,"column":5}}},"17":{"name":"(anonymous_30)","decl":{"start":{"line":44,"column":18},"end":{"line":44,"column":20}},"loc":{"start":{"line":44,"column":24},"end":{"line":44,"column":77}}},"18":{"name":"(anonymous_31)","decl":{"start":{"line":45,"column":19},"end":{"line":45,"column":20}},"loc":{"start":{"line":45,"column":27},"end":{"line":45,"column":42}}},"19":{"name":"(anonymous_32)","decl":{"start":{"line":48,"column":10},"end":{"line":48,"column":26}},"loc":{"start":{"line":48,"column":27},"end":{"line":55,"column":5}}},"20":{"name":"(anonymous_34)","decl":{"start":{"line":50,"column":18},"end":{"line":50,"column":20}},"loc":{"start":{"line":50,"column":24},"end":{"line":52,"column":26}}},"21":{"name":"(anonymous_35)","decl":{"start":{"line":53,"column":18},"end":{"line":53,"column":19}},"loc":{"start":{"line":53,"column":27},"end":{"line":53,"column":30}}},"22":{"name":"(anonymous_36)","decl":{"start":{"line":54,"column":19},"end":{"line":54,"column":20}},"loc":{"start":{"line":54,"column":27},"end":{"line":54,"column":43}}}},"branchMap":{},"s":{"0":4,"1":4,"2":4,"3":19,"4":0,"5":0,"6":0,"7":0,"8":2,"9":2,"10":0,"11":2,"12":2,"13":0,"14":4,"15":4,"16":0,"17":6,"18":6,"19":0,"20":2,"21":2,"22":0,"23":6,"24":6,"25":6,"26":0,"27":4,"28":4},"f":{"0":19,"1":0,"2":0,"3":0,"4":2,"5":2,"6":0,"7":2,"8":2,"9":0,"10":4,"11":4,"12":0,"13":6,"14":6,"15":0,"16":2,"17":2,"18":0,"19":6,"20":6,"21":6,"22":0},"b":{}}
,"C:\\Users\\pedro.gabriel\\Documents\\PersonalStuff\\KroilonGamification\\KroilonApiV2\\src\\3domain\\repositories\\impl\\MasterRepository.ts": {"path":"C:\\Users\\pedro.gabriel\\Documents\\PersonalStuff\\KroilonGamification\\KroilonApiV2\\src\\3domain\\repositories\\impl\\MasterRepository.ts","statementMap":{"0":{"start":{"line":1,"column":0},"end":{"line":1,"column":38}},"1":{"start":{"line":3,"column":0},"end":{"line":3,"column":52}},"2":{"start":{"line":7,"column":0},"end":{"line":38,"column":1}},"3":{"start":{"line":10,"column":8},"end":{"line":12,"column":44}},"4":{"start":{"line":11,"column":24},"end":{"line":11,"column":66}},"5":{"start":{"line":12,"column":30},"end":{"line":12,"column":40}},"6":{"start":{"line":16,"column":8},"end":{"line":19,"column":44}},"7":{"start":{"line":17,"column":24},"end":{"line":17,"column":67}},"8":{"start":{"line":18,"column":30},"end":{"line":18,"column":36}},"9":{"start":{"line":19,"column":30},"end":{"line":19,"column":40}},"10":{"start":{"line":23,"column":8},"end":{"line":25,"column":44}},"11":{"start":{"line":24,"column":24},"end":{"line":24,"column":65}},"12":{"start":{"line":25,"column":30},"end":{"line":25,"column":40}},"13":{"start":{"line":29,"column":8},"end":{"line":35,"column":15}},"14":{"start":{"line":30,"column":24},"end":{"line":30,"column":64}},"15":{"start":{"line":31,"column":28},"end":{"line":31,"column":32}},"16":{"start":{"line":34,"column":16},"end":{"line":34,"column":26}},"17":{"start":{"line":7,"column":13},"end":{"line":38,"column":1}},"18":{"start":{"line":7,"column":13},"end":{"line":7,"column":29}}},"fnMap":{"0":{"name":"(anonymous_7)","decl":{"start":{"line":9,"column":10},"end":{"line":9,"column":19}},"loc":{"start":{"line":9,"column":44},"end":{"line":13,"column":5}}},"1":{"name":"(anonymous_9)","decl":{"start":{"line":11,"column":18},"end":{"line":11,"column":20}},"loc":{"start":{"line":11,"column":24},"end":{"line":11,"column":66}}},"2":{"name":"(anonymous_10)","decl":{"start":{"line":12,"column":19},"end":{"line":12,"column":20}},"loc":{"start":{"line":12,"column":27},"end":{"line":12,"column":42}}},"3":{"name":"(anonymous_11)","decl":{"start":{"line":15,"column":10},"end":{"line":15,"column":16}},"loc":{"start":{"line":15,"column":36},"end":{"line":20,"column":5}}},"4":{"name":"(anonymous_13)","decl":{"start":{"line":17,"column":18},"end":{"line":17,"column":20}},"loc":{"start":{"line":17,"column":24},"end":{"line":17,"column":67}}},"5":{"name":"(anonymous_14)","decl":{"start":{"line":18,"column":18},"end":{"line":18,"column":19}},"loc":{"start":{"line":18,"column":30},"end":{"line":18,"column":36}}},"6":{"name":"(anonymous_15)","decl":{"start":{"line":19,"column":19},"end":{"line":19,"column":20}},"loc":{"start":{"line":19,"column":27},"end":{"line":19,"column":42}}},"7":{"name":"(anonymous_16)","decl":{"start":{"line":22,"column":10},"end":{"line":22,"column":15}},"loc":{"start":{"line":22,"column":37},"end":{"line":26,"column":5}}},"8":{"name":"(anonymous_18)","decl":{"start":{"line":24,"column":18},"end":{"line":24,"column":20}},"loc":{"start":{"line":24,"column":24},"end":{"line":24,"column":65}}},"9":{"name":"(anonymous_19)","decl":{"start":{"line":25,"column":19},"end":{"line":25,"column":20}},"loc":{"start":{"line":25,"column":27},"end":{"line":25,"column":42}}},"10":{"name":"(anonymous_20)","decl":{"start":{"line":28,"column":10},"end":{"line":28,"column":16}},"loc":{"start":{"line":28,"column":17},"end":{"line":36,"column":5}}},"11":{"name":"(anonymous_22)","decl":{"start":{"line":30,"column":18},"end":{"line":30,"column":20}},"loc":{"start":{"line":30,"column":24},"end":{"line":30,"column":64}}},"12":{"name":"(anonymous_23)","decl":{"start":{"line":31,"column":18},"end":{"line":31,"column":19}},"loc":{"start":{"line":31,"column":28},"end":{"line":31,"column":32}}},"13":{"name":"(anonymous_24)","decl":{"start":{"line":32,"column":19},"end":{"line":32,"column":20}},"loc":{"start":{"line":32,"column":25},"end":{"line":35,"column":13}}}},"branchMap":{"0":{"loc":{"start":{"line":9,"column":42},"end":{"line":9,"column":44}},"type":"default-arg","locations":[{"start":{"line":9,"column":42},"end":{"line":9,"column":44}}]}},"s":{"0":4,"1":4,"2":4,"3":2,"4":2,"5":0,"6":6,"7":6,"8":6,"9":0,"10":5,"11":5,"12":0,"13":1,"14":1,"15":1,"16":0,"17":4,"18":4},"f":{"0":2,"1":2,"2":0,"3":6,"4":6,"5":6,"6":0,"7":5,"8":5,"9":0,"10":1,"11":1,"12":1,"13":0},"b":{"0":[2]}}
,"C:\\Users\\pedro.gabriel\\Documents\\PersonalStuff\\KroilonGamification\\KroilonApiV2\\src\\config\\Logger.ts": {"path":"C:\\Users\\pedro.gabriel\\Documents\\PersonalStuff\\KroilonGamification\\KroilonApiV2\\src\\config\\Logger.ts","statementMap":{"0":{"start":{"line":1,"column":0},"end":{"line":1,"column":75}},"1":{"start":{"line":3,"column":13},"end":{"line":6,"column":3}}},"fnMap":{},"branchMap":{},"s":{"0":4,"1":4},"f":{},"b":{}}
,"C:\\Users\\pedro.gabriel\\Documents\\PersonalStuff\\KroilonGamification\\KroilonApiV2\\src\\config\\Utils.ts": {"path":"C:\\Users\\pedro.gabriel\\Documents\\PersonalStuff\\KroilonGamification\\KroilonApiV2\\src\\config\\Utils.ts","statementMap":{"0":{"start":{"line":2,"column":0},"end":{"line":2,"column":60}},"1":{"start":{"line":3,"column":0},"end":{"line":3,"column":33}},"2":{"start":{"line":6,"column":0},"end":{"line":40,"column":1}},"3":{"start":{"line":9,"column":8},"end":{"line":9,"column":89}},"4":{"start":{"line":8,"column":20},"end":{"line":10,"column":5}},"5":{"start":{"line":16,"column":21},"end":{"line":16,"column":24}},"6":{"start":{"line":17,"column":25},"end":{"line":20,"column":43}},"7":{"start":{"line":21,"column":8},"end":{"line":21,"column":46}},"8":{"start":{"line":22,"column":8},"end":{"line":22,"column":24}},"9":{"start":{"line":15,"column":20},"end":{"line":23,"column":5}},"10":{"start":{"line":31,"column":21},"end":{"line":31,"column":24}},"11":{"start":{"line":32,"column":25},"end":{"line":35,"column":59}},"12":{"start":{"line":36,"column":8},"end":{"line":36,"column":46}},"13":{"start":{"line":37,"column":8},"end":{"line":37,"column":24}},"14":{"start":{"line":30,"column":20},"end":{"line":38,"column":5}}},"fnMap":{"0":{"name":"(anonymous_0)","decl":{"start":{"line":6,"column":0},"end":{"line":6,"column":16}},"loc":{"start":{"line":6,"column":22},"end":{"line":40,"column":1}}},"1":{"name":"buildSelfURI","decl":{"start":{"line":8,"column":4},"end":{"line":8,"column":32}},"loc":{"start":{"line":8,"column":53},"end":{"line":10,"column":5}}},"2":{"name":"handleEmptyRequest","decl":{"start":{"line":15,"column":4},"end":{"line":null,"column":-1}},"loc":{"start":{"line":15,"column":4},"end":{"line":23,"column":5}}},"3":{"name":"handleNotFoundRequest","decl":{"start":{"line":30,"column":4},"end":{"line":30,"column":41}},"loc":{"start":{"line":30,"column":55},"end":{"line":38,"column":5}}}},"branchMap":{"0":{"loc":{"start":{"line":6,"column":17},"end":{"line":6,"column":22}},"type":"binary-expr","locations":[{"start":{"line":6,"column":17},"end":{"line":6,"column":22}},{"start":{"line":6,"column":17},"end":{"line":6,"column":22}}]}},"s":{"0":4,"1":4,"2":4,"3":9,"4":4,"5":2,"6":2,"7":2,"8":2,"9":4,"10":2,"11":2,"12":2,"13":2,"14":4},"f":{"0":4,"1":9,"2":2,"3":2},"b":{"0":[4,4]}}
,"C:\\Users\\pedro.gabriel\\Documents\\PersonalStuff\\KroilonGamification\\KroilonApiV2\\src\\config\\inversify.config.ts": {"path":"C:\\Users\\pedro.gabriel\\Documents\\PersonalStuff\\KroilonGamification\\KroilonApiV2\\src\\config\\inversify.config.ts","statementMap":{"0":{"start":{"line":1,"column":0},"end":{"line":1,"column":37}},"1":{"start":{"line":2,"column":0},"end":{"line":2,"column":82}},"2":{"start":{"line":3,"column":0},"end":{"line":3,"column":76}},"3":{"start":{"line":4,"column":0},"end":{"line":4,"column":80}},"4":{"start":{"line":6,"column":0},"end":{"line":6,"column":68}},"5":{"start":{"line":7,"column":0},"end":{"line":7,"column":66}},"6":{"start":{"line":10,"column":0},"end":{"line":10,"column":82}},"7":{"start":{"line":11,"column":0},"end":{"line":11,"column":80}},"8":{"start":{"line":14,"column":0},"end":{"line":14,"column":27}},"9":{"start":{"line":16,"column":18},"end":{"line":16,"column":33}},"10":{"start":{"line":19,"column":0},"end":{"line":19,"column":75}},"11":{"start":{"line":20,"column":0},"end":{"line":20,"column":77}},"12":{"start":{"line":21,"column":0},"end":{"line":21,"column":78}},"13":{"start":{"line":24,"column":0},"end":{"line":24,"column":70}},"14":{"start":{"line":25,"column":0},"end":{"line":25,"column":73}},"15":{"start":{"line":28,"column":0},"end":{"line":28,"column":79}},"16":{"start":{"line":29,"column":0},"end":{"line":29,"column":82}},"17":{"start":{"line":31,"column":0},"end":{"line":31,"column":25}}},"fnMap":{},"branchMap":{},"s":{"0":4,"1":4,"2":4,"3":4,"4":4,"5":4,"6":4,"7":4,"8":4,"9":4,"10":4,"11":4,"12":4,"13":4,"14":4,"15":4,"16":4,"17":4},"f":{},"b":{}}
,"C:\\Users\\pedro.gabriel\\Documents\\PersonalStuff\\KroilonGamification\\KroilonApiV2\\src\\config\\types.ts": {"path":"C:\\Users\\pedro.gabriel\\Documents\\PersonalStuff\\KroilonGamification\\KroilonApiV2\\src\\config\\types.ts","statementMap":{"0":{"start":{"line":1,"column":14},"end":{"line":9,"column":1}},"1":{"start":{"line":11,"column":0},"end":{"line":11,"column":21}}},"fnMap":{},"branchMap":{},"s":{"0":4,"1":4},"f":{},"b":{}}
}
