TN:
SF:C:\Users\pedro.gabriel\Documents\PersonalStuff\KroilonGamification\KroilonApiV2\src\app.ts
FN:24,(anonymous_0)
FN:35,(anonymous_1)
FN:41,(anonymous_2)
FN:46,(anonymous_3)
FNF:4
FNH:2
FNDA:12,(anonymous_0)
FNDA:0,(anonymous_1)
FNDA:0,(anonymous_2)
FNDA:1,(anonymous_3)
DA:1,4
DA:2,4
DA:3,4
DA:4,4
DA:5,4
DA:6,4
DA:7,4
DA:8,4
DA:10,4
DA:13,4
DA:16,4
DA:17,4
DA:19,4
DA:20,4
DA:23,4
DA:24,12
DA:29,4
DA:31,0
DA:35,4
DA:36,0
DA:37,0
DA:41,4
DA:42,0
DA:46,4
DA:47,1
DA:48,1
DA:49,1
DA:53,4
LF:28
LH:24
BRDA:29,0,0,0
BRDA:29,0,1,4
BRF:2
BRH:1
end_of_record
TN:
SF:C:\Users\pedro.gabriel\Documents\PersonalStuff\KroilonGamification\KroilonApiV2\src\1presentation\controllers\AcademyController.ts
FN:19,(anonymous_10)
FN:23,(anonymous_11)
FN:35,(anonymous_12)
FN:36,(anonymous_13)
FN:36,(anonymous_14)
FN:47,(anonymous_15)
FN:51,(anonymous_16)
FN:68,(anonymous_17)
FN:69,(anonymous_18)
FN:69,(anonymous_19)
FN:72,(anonymous_20)
FN:84,(anonymous_21)
FN:96,(anonymous_22)
FN:97,(anonymous_23)
FN:97,(anonymous_24)
FN:100,(anonymous_25)
FN:112,(anonymous_26)
FN:124,(anonymous_27)
FN:125,(anonymous_28)
FN:125,(anonymous_29)
FN:136,(anonymous_30)
FN:143,(anonymous_31)
FN:160,(anonymous_32)
FNF:23
FNH:16
FNDA:4,(anonymous_10)
FNDA:4,(anonymous_11)
FNDA:4,(anonymous_12)
FNDA:0,(anonymous_13)
FNDA:0,(anonymous_14)
FNDA:0,(anonymous_15)
FNDA:0,(anonymous_16)
FNDA:4,(anonymous_17)
FNDA:2,(anonymous_18)
FNDA:2,(anonymous_19)
FNDA:2,(anonymous_20)
FNDA:0,(anonymous_21)
FNDA:4,(anonymous_22)
FNDA:2,(anonymous_23)
FNDA:2,(anonymous_24)
FNDA:2,(anonymous_25)
FNDA:0,(anonymous_26)
FNDA:4,(anonymous_27)
FNDA:4,(anonymous_28)
FNDA:4,(anonymous_29)
FNDA:2,(anonymous_30)
FNDA:0,(anonymous_31)
FNDA:5,(anonymous_32)
DA:2,4
DA:4,4
DA:5,4
DA:6,4
DA:7,4
DA:8,4
DA:9,4
DA:10,4
DA:14,4
DA:17,4
DA:20,4
DA:24,4
DA:29,4
DA:36,4
DA:38,0
DA:39,0
DA:40,0
DA:43,0
DA:46,0
DA:48,0
DA:49,0
DA:53,0
DA:54,0
DA:59,0
DA:60,0
DA:63,0
DA:69,4
DA:71,2
DA:73,2
DA:74,0
DA:75,0
DA:79,2
DA:80,2
DA:81,2
DA:82,2
DA:85,0
DA:86,0
DA:90,0
DA:91,0
DA:97,4
DA:99,2
DA:101,2
DA:102,1
DA:103,1
DA:107,1
DA:108,1
DA:109,1
DA:110,1
DA:113,0
DA:114,0
DA:118,0
DA:119,0
DA:125,4
DA:127,4
DA:128,2
DA:129,2
DA:132,2
DA:135,2
DA:138,2
DA:139,2
DA:140,2
DA:141,2
DA:145,0
DA:146,0
DA:151,0
DA:152,0
DA:155,0
DA:161,5
DA:162,5
DA:163,5
DA:164,5
DA:165,5
LF:72
LH:45
BRDA:38,0,0,0
BRDA:38,0,1,0
BRDA:53,1,0,0
BRDA:53,1,1,0
BRDA:73,2,0,0
BRDA:73,2,1,2
BRDA:101,3,0,1
BRDA:101,3,1,1
BRDA:127,4,0,2
BRDA:127,4,1,2
BRDA:145,5,0,0
BRDA:145,5,1,0
BRDA:17,6,0,0
BRDA:17,6,1,4
BRDA:17,7,0,0
BRDA:19,8,0,0
BRDA:19,8,1,4
BRDA:19,9,0,0
BRF:18
BRH:7
end_of_record
TN:
SF:C:\Users\pedro.gabriel\Documents\PersonalStuff\KroilonGamification\KroilonApiV2\src\1presentation\controllers\HomeController.ts
FN:9,(anonymous_7)
FN:11,(anonymous_8)
FN:11,(anonymous_9)
FNF:3
FNH:1
FNDA:4,(anonymous_7)
FNDA:0,(anonymous_8)
FNDA:0,(anonymous_9)
DA:3,4
DA:7,4
DA:10,4
DA:11,0
DA:12,0
DA:17,0
LF:6
LH:3
BRF:0
BRH:0
end_of_record
TN:
SF:C:\Users\pedro.gabriel\Documents\PersonalStuff\KroilonGamification\KroilonApiV2\src\1presentation\controllers\MasterController.ts
FN:27,(anonymous_10)
FN:31,(anonymous_11)
FN:44,(anonymous_12)
FN:45,(anonymous_13)
FN:45,(anonymous_14)
FN:47,(anonymous_15)
FN:55,(anonymous_16)
FN:84,(anonymous_17)
FN:85,(anonymous_18)
FN:85,(anonymous_19)
FN:87,(anonymous_20)
FN:93,(anonymous_21)
FN:104,(anonymous_22)
FN:111,(anonymous_23)
FN:112,(anonymous_24)
FN:112,(anonymous_25)
FN:115,(anonymous_26)
FN:129,(anonymous_27)
FN:137,(anonymous_28)
FN:147,(anonymous_29)
FN:159,(anonymous_30)
FNF:21
FNH:19
FNDA:4,(anonymous_10)
FNDA:4,(anonymous_11)
FNDA:4,(anonymous_12)
FNDA:4,(anonymous_13)
FNDA:4,(anonymous_14)
FNDA:2,(anonymous_15)
FNDA:2,(anonymous_16)
FNDA:4,(anonymous_17)
FNDA:1,(anonymous_18)
FNDA:1,(anonymous_19)
FNDA:1,(anonymous_20)
FNDA:5,(anonymous_21)
FNDA:0,(anonymous_22)
FNDA:4,(anonymous_23)
FNDA:2,(anonymous_24)
FNDA:2,(anonymous_25)
FNDA:2,(anonymous_26)
FNDA:0,(anonymous_27)
FNDA:1,(anonymous_28)
FNDA:5,(anonymous_29)
FNDA:3,(anonymous_30)
DA:3,4
DA:5,4
DA:6,4
DA:7,4
DA:8,4
DA:9,4
DA:10,4
DA:11,4
DA:12,4
DA:13,4
DA:14,4
DA:15,4
DA:16,4
DA:20,4
DA:25,4
DA:28,4
DA:32,4
DA:36,4
DA:45,4
DA:46,4
DA:48,2
DA:49,2
DA:50,2
DA:51,2
DA:53,2
DA:56,2
DA:58,2
DA:59,0
DA:64,0
DA:69,2
DA:70,2
DA:75,2
DA:85,4
DA:86,1
DA:89,1
DA:90,1
DA:91,1
DA:93,1
DA:94,5
DA:98,1
DA:99,1
DA:101,1
DA:105,0
DA:106,0
DA:112,4
DA:113,2
DA:114,2
DA:116,2
DA:117,1
DA:118,1
DA:122,1
DA:123,1
DA:124,1
DA:125,1
DA:127,1
DA:130,0
DA:131,0
DA:138,1
DA:139,1
DA:140,1
DA:141,1
DA:142,1
DA:143,1
DA:144,1
DA:148,5
DA:149,5
DA:150,5
DA:151,5
DA:152,5
DA:153,5
DA:154,5
DA:155,5
DA:156,5
DA:160,3
DA:161,3
DA:162,3
DA:163,3
LF:77
LH:71
BRDA:58,0,0,0
BRDA:58,0,1,2
BRDA:116,1,0,1
BRDA:116,1,1,1
BRDA:27,2,0,0
BRDA:27,2,1,4
BRDA:27,3,0,0
BRF:7
BRH:4
end_of_record
TN:
SF:C:\Users\pedro.gabriel\Documents\PersonalStuff\KroilonGamification\KroilonApiV2\src\1presentation\responses\Problem.ts
FN:42,(anonymous_0)
FNF:1
FNH:1
FNDA:6,(anonymous_0)
DA:2,4
DA:4,4
DA:43,6
DA:44,6
DA:45,6
DA:46,6
DA:47,6
LF:7
LH:7
BRDA:42,0,0,6
BRF:1
BRH:1
end_of_record
TN:
SF:C:\Users\pedro.gabriel\Documents\PersonalStuff\KroilonGamification\KroilonApiV2\src\1presentation\responses\collection\Collection.ts
FN:20,(anonymous_0)
FNF:1
FNH:1
FNDA:1,(anonymous_0)
DA:7,4
DA:9,4
DA:21,1
DA:22,1
DA:24,1
DA:26,1
LF:6
LH:6
BRF:0
BRH:0
end_of_record
TN:
SF:C:\Users\pedro.gabriel\Documents\PersonalStuff\KroilonGamification\KroilonApiV2\src\1presentation\responses\collection\Data.ts
FN:6,(anonymous_0)
FNF:1
FNH:1
FNDA:35,(anonymous_0)
DA:1,4
DA:7,35
DA:8,35
DA:9,35
LF:4
LH:4
BRF:0
BRH:0
end_of_record
TN:
SF:C:\Users\pedro.gabriel\Documents\PersonalStuff\KroilonGamification\KroilonApiV2\src\1presentation\responses\collection\Item.ts
FN:13,(anonymous_0)
FNF:1
FNH:1
FNDA:5,(anonymous_0)
DA:4,4
DA:14,5
DA:15,5
LF:3
LH:3
BRF:0
BRH:0
end_of_record
TN:
SF:C:\Users\pedro.gabriel\Documents\PersonalStuff\KroilonGamification\KroilonApiV2\src\1presentation\responses\collection\Link.ts
FN:8,(anonymous_0)
FNF:1
FNH:1
FNDA:1,(anonymous_0)
DA:1,4
DA:9,1
DA:10,1
LF:3
LH:3
BRF:0
BRH:0
end_of_record
TN:
SF:C:\Users\pedro.gabriel\Documents\PersonalStuff\KroilonGamification\KroilonApiV2\src\1presentation\responses\collection\Template.ts
FN:7,(anonymous_0)
FNF:1
FNH:1
FNDA:1,(anonymous_0)
DA:3,4
DA:8,1
LF:2
LH:2
BRF:0
BRH:0
end_of_record
TN:
SF:C:\Users\pedro.gabriel\Documents\PersonalStuff\KroilonGamification\KroilonApiV2\src\1presentation\responses\siren\Entity.ts
FN:42,(anonymous_0)
FNF:1
FNH:1
FNDA:8,(anonymous_0)
DA:7,4
DA:13,4
DA:43,8
LF:3
LH:3
BRF:0
BRH:0
end_of_record
TN:
SF:C:\Users\pedro.gabriel\Documents\PersonalStuff\KroilonGamification\KroilonApiV2\src\1presentation\responses\siren\Link.ts
FN:5,(anonymous_0)
FNF:1
FNH:1
FNDA:11,(anonymous_0)
DA:1,4
DA:6,11
DA:7,11
DA:8,11
LF:4
LH:4
BRF:0
BRH:0
end_of_record
TN:
SF:C:\Users\pedro.gabriel\Documents\PersonalStuff\KroilonGamification\KroilonApiV2\src\2application\dto\AcademyDTO.ts
FN:11,(anonymous_0)
FNF:1
FNH:1
FNDA:7,(anonymous_0)
DA:5,4
DA:12,7
DA:13,7
DA:14,7
DA:15,7
LF:5
LH:5
BRF:0
BRH:0
end_of_record
TN:
SF:C:\Users\pedro.gabriel\Documents\PersonalStuff\KroilonGamification\KroilonApiV2\src\2application\dto\MasterDTO.ts
FN:10,(anonymous_0)
FNF:1
FNH:1
FNDA:8,(anonymous_0)
DA:1,4
DA:17,8
DA:18,8
DA:19,8
DA:20,8
DA:21,8
DA:22,8
LF:7
LH:7
BRDA:15,0,0,4
BRDA:16,1,0,0
BRF:2
BRH:1
end_of_record
TN:
SF:C:\Users\pedro.gabriel\Documents\PersonalStuff\KroilonGamification\KroilonApiV2\src\2application\impl\AcademyService.ts
FN:18,(anonymous_2)
FN:20,(anonymous_3)
FN:23,(anonymous_4)
FN:26,(anonymous_5)
FN:28,(anonymous_6)
FN:34,(anonymous_7)
FN:47,(anonymous_8)
FN:62,(anonymous_9)
FN:85,(anonymous_10)
FN:86,(anonymous_11)
FN:90,(anonymous_12)
FN:92,(anonymous_13)
FN:95,(anonymous_14)
FN:98,(anonymous_15)
FN:100,(anonymous_16)
FN:105,(anonymous_17)
FN:113,(anonymous_18)
FN:114,(anonymous_19)
FN:117,(anonymous_20)
FN:121,(anonymous_21)
FN:123,(anonymous_22)
FN:140,(anonymous_23)
FN:143,(anonymous_24)
FNF:23
FNH:16
FNDA:4,(anonymous_2)
FNDA:4,(anonymous_3)
FNDA:0,(anonymous_4)
FNDA:2,(anonymous_5)
FNDA:2,(anonymous_6)
FNDA:2,(anonymous_7)
FNDA:0,(anonymous_8)
FNDA:0,(anonymous_9)
FNDA:2,(anonymous_10)
FNDA:0,(anonymous_11)
FNDA:2,(anonymous_12)
FNDA:2,(anonymous_13)
FNDA:0,(anonymous_14)
FNDA:2,(anonymous_15)
FNDA:2,(anonymous_16)
FNDA:2,(anonymous_17)
FNDA:2,(anonymous_18)
FNDA:0,(anonymous_19)
FNDA:7,(anonymous_20)
FNDA:2,(anonymous_21)
FNDA:0,(anonymous_22)
FNDA:2,(anonymous_23)
FNDA:1,(anonymous_24)
DA:1,4
DA:5,4
DA:6,4
DA:7,4
DA:13,4
DA:16,4
DA:19,4
DA:21,4
DA:23,0
DA:27,2
DA:28,2
DA:29,2
DA:30,0
DA:33,2
DA:34,2
DA:35,2
DA:46,2
DA:47,2
DA:48,0
DA:62,2
DA:63,0
DA:77,2
DA:85,2
DA:86,0
DA:91,2
DA:93,2
DA:95,0
DA:99,2
DA:101,2
DA:102,0
DA:106,2
DA:113,2
DA:114,0
DA:118,7
DA:122,2
DA:123,2
DA:124,0
DA:137,2
DA:141,2
DA:142,2
DA:143,1
DA:144,1
DA:154,1
LF:43
LH:34
BRDA:21,0,0,4
BRDA:21,0,1,0
BRDA:29,1,0,0
BRDA:29,1,1,2
BRDA:40,2,0,2
BRDA:40,2,1,0
BRDA:41,3,0,2
BRDA:41,3,1,0
BRDA:57,4,0,0
BRDA:57,4,1,0
BRDA:72,5,0,0
BRDA:72,5,1,0
BRDA:93,6,0,1
BRDA:93,6,1,1
BRDA:101,7,0,0
BRDA:101,7,1,2
BRDA:133,8,0,0
BRDA:133,8,1,0
BRDA:142,9,0,1
BRDA:142,9,1,1
BRDA:149,10,0,1
BRDA:149,10,1,1
BRDA:150,11,0,1
BRDA:150,11,1,1
BRDA:16,12,0,0
BRDA:16,12,1,4
BRDA:16,13,0,0
BRF:27
BRH:14
end_of_record
TN:
SF:C:\Users\pedro.gabriel\Documents\PersonalStuff\KroilonGamification\KroilonApiV2\src\2application\impl\MasterService.ts
FN:22,(anonymous_8)
FN:24,(anonymous_9)
FN:24,(anonymous_10)
FN:25,(anonymous_11)
FN:31,(anonymous_12)
FN:33,(anonymous_13)
FN:36,(anonymous_14)
FN:39,(anonymous_15)
FN:41,(anonymous_16)
FN:46,(anonymous_17)
FN:47,(anonymous_18)
FN:54,(anonymous_19)
FN:54,(anonymous_20)
FN:64,(anonymous_21)
FN:65,(anonymous_22)
FN:68,(anonymous_23)
FNF:16
FNH:14
FNDA:1,(anonymous_8)
FNDA:1,(anonymous_9)
FNDA:5,(anonymous_10)
FNDA:0,(anonymous_11)
FNDA:2,(anonymous_12)
FNDA:2,(anonymous_13)
FNDA:0,(anonymous_14)
FNDA:4,(anonymous_15)
FNDA:4,(anonymous_16)
FNDA:2,(anonymous_17)
FNDA:2,(anonymous_18)
FNDA:2,(anonymous_19)
FNDA:2,(anonymous_20)
FNDA:2,(anonymous_21)
FNDA:2,(anonymous_22)
FNDA:8,(anonymous_23)
DA:1,4
DA:3,4
DA:4,4
DA:5,4
DA:6,4
DA:7,4
DA:11,4
DA:14,4
DA:17,4
DA:20,4
DA:23,1
DA:24,5
DA:26,0
DA:27,0
DA:32,2
DA:34,2
DA:36,0
DA:40,4
DA:42,4
DA:43,2
DA:46,2
DA:47,2
DA:54,2
DA:56,2
DA:62,2
DA:64,2
DA:65,2
DA:69,8
LF:28
LH:25
BRDA:31,0,0,0
BRDA:34,1,0,1
BRDA:34,1,1,1
BRDA:42,2,0,2
BRDA:42,2,1,2
BRDA:14,3,0,0
BRDA:14,3,1,4
BRDA:14,4,0,0
BRDA:17,5,0,0
BRDA:17,5,1,4
BRDA:17,6,0,0
BRDA:20,7,0,0
BRDA:20,7,1,4
BRDA:20,8,0,0
BRF:14
BRH:7
end_of_record
TN:
SF:C:\Users\pedro.gabriel\Documents\PersonalStuff\KroilonGamification\KroilonApiV2\src\3domain\models\AcademySchema.ts
FN:31,(anonymous_2)
FNF:1
FNH:1
FNDA:6,(anonymous_2)
DA:1,4
DA:15,4
DA:17,4
DA:20,4
DA:23,4
DA:26,4
DA:29,4
DA:32,6
LF:8
LH:8
BRF:0
BRH:0
end_of_record
TN:
SF:C:\Users\pedro.gabriel\Documents\PersonalStuff\KroilonGamification\KroilonApiV2\src\3domain\models\MasterSchema.ts
FN:39,(anonymous_2)
FNF:1
FNH:1
FNDA:5,(anonymous_2)
DA:1,4
DA:17,4
DA:19,4
DA:22,4
DA:25,4
DA:28,4
DA:31,4
DA:34,4
DA:37,4
DA:41,5
LF:10
LH:10
BRF:0
BRH:0
end_of_record
TN:
SF:C:\Users\pedro.gabriel\Documents\PersonalStuff\KroilonGamification\KroilonApiV2\src\3domain\repositories\KroilonDatabase.ts
FN:6,(anonymous_0)
FNF:1
FNH:1
FNDA:4,(anonymous_0)
DA:1,4
DA:2,4
DA:3,4
DA:8,4
DA:10,4
DA:14,4
LF:6
LH:6
BRF:0
BRH:0
end_of_record
TN:
SF:C:\Users\pedro.gabriel\Documents\PersonalStuff\KroilonGamification\KroilonApiV2\src\3domain\repositories\impl\AcademyRepository.ts
FN:6,(anonymous_7)
FN:11,(anonymous_8)
FN:13,(anonymous_10)
FN:14,(anonymous_11)
FN:18,(anonymous_12)
FN:20,(anonymous_14)
FN:21,(anonymous_15)
FN:24,(anonymous_16)
FN:26,(anonymous_18)
FN:27,(anonymous_19)
FN:30,(anonymous_20)
FN:32,(anonymous_22)
FN:33,(anonymous_23)
FN:36,(anonymous_24)
FN:38,(anonymous_26)
FN:39,(anonymous_27)
FN:42,(anonymous_28)
FN:44,(anonymous_30)
FN:45,(anonymous_31)
FN:48,(anonymous_32)
FN:50,(anonymous_34)
FN:53,(anonymous_35)
FN:54,(anonymous_36)
FNF:23
FNH:14
FNDA:19,(anonymous_7)
FNDA:0,(anonymous_8)
FNDA:0,(anonymous_10)
FNDA:0,(anonymous_11)
FNDA:2,(anonymous_12)
FNDA:2,(anonymous_14)
FNDA:0,(anonymous_15)
FNDA:2,(anonymous_16)
FNDA:2,(anonymous_18)
FNDA:0,(anonymous_19)
FNDA:4,(anonymous_20)
FNDA:4,(anonymous_22)
FNDA:0,(anonymous_23)
FNDA:6,(anonymous_24)
FNDA:6,(anonymous_26)
FNDA:0,(anonymous_27)
FNDA:2,(anonymous_28)
FNDA:2,(anonymous_30)
FNDA:0,(anonymous_31)
FNDA:6,(anonymous_32)
FNDA:6,(anonymous_34)
FNDA:6,(anonymous_35)
FNDA:0,(anonymous_36)
DA:1,4
DA:3,4
DA:7,4
DA:9,19
DA:12,0
DA:13,0
DA:14,0
DA:15,0
DA:19,2
DA:20,2
DA:21,0
DA:25,2
DA:26,2
DA:27,0
DA:31,4
DA:32,4
DA:33,0
DA:37,6
DA:38,6
DA:39,0
DA:43,2
DA:44,2
DA:45,0
DA:49,6
DA:50,6
DA:53,6
DA:54,0
LF:27
LH:17
BRF:0
BRH:0
end_of_record
TN:
SF:C:\Users\pedro.gabriel\Documents\PersonalStuff\KroilonGamification\KroilonApiV2\src\3domain\repositories\impl\MasterRepository.ts
FN:9,(anonymous_7)
FN:11,(anonymous_9)
FN:12,(anonymous_10)
FN:15,(anonymous_11)
FN:17,(anonymous_13)
FN:18,(anonymous_14)
FN:19,(anonymous_15)
FN:22,(anonymous_16)
FN:24,(anonymous_18)
FN:25,(anonymous_19)
FN:28,(anonymous_20)
FN:30,(anonymous_22)
FN:31,(anonymous_23)
FN:32,(anonymous_24)
FNF:14
FNH:10
FNDA:2,(anonymous_7)
FNDA:2,(anonymous_9)
FNDA:0,(anonymous_10)
FNDA:6,(anonymous_11)
FNDA:6,(anonymous_13)
FNDA:6,(anonymous_14)
FNDA:0,(anonymous_15)
FNDA:5,(anonymous_16)
FNDA:5,(anonymous_18)
FNDA:0,(anonymous_19)
FNDA:1,(anonymous_20)
FNDA:1,(anonymous_22)
FNDA:1,(anonymous_23)
FNDA:0,(anonymous_24)
DA:1,4
DA:3,4
DA:7,4
DA:10,2
DA:11,2
DA:12,0
DA:16,6
DA:17,6
DA:18,6
DA:19,0
DA:23,5
DA:24,5
DA:25,0
DA:29,1
DA:30,1
DA:31,1
DA:34,0
LF:17
LH:13
BRDA:9,0,0,2
BRF:1
BRH:1
end_of_record
TN:
SF:C:\Users\pedro.gabriel\Documents\PersonalStuff\KroilonGamification\KroilonApiV2\src\config\Logger.ts
FNF:0
FNH:0
DA:1,4
DA:3,4
LF:2
LH:2
BRF:0
BRH:0
end_of_record
TN:
SF:C:\Users\pedro.gabriel\Documents\PersonalStuff\KroilonGamification\KroilonApiV2\src\config\Utils.ts
FN:6,(anonymous_0)
FN:8,buildSelfURI
FN:15,handleEmptyRequest
FN:30,handleNotFoundRequest
FNF:4
FNH:4
FNDA:4,(anonymous_0)
FNDA:9,buildSelfURI
FNDA:2,handleEmptyRequest
FNDA:2,handleNotFoundRequest
DA:2,4
DA:3,4
DA:6,4
DA:8,4
DA:9,9
DA:15,4
DA:16,2
DA:17,2
DA:21,2
DA:22,2
DA:30,4
DA:31,2
DA:32,2
DA:36,2
DA:37,2
LF:15
LH:15
BRDA:6,0,0,4
BRDA:6,0,1,4
BRF:2
BRH:2
end_of_record
TN:
SF:C:\Users\pedro.gabriel\Documents\PersonalStuff\KroilonGamification\KroilonApiV2\src\config\inversify.config.ts
FNF:0
FNH:0
DA:1,4
DA:2,4
DA:3,4
DA:4,4
DA:6,4
DA:7,4
DA:10,4
DA:11,4
DA:14,4
DA:16,4
DA:19,4
DA:20,4
DA:21,4
DA:24,4
DA:25,4
DA:28,4
DA:29,4
DA:31,4
LF:18
LH:18
BRF:0
BRH:0
end_of_record
TN:
SF:C:\Users\pedro.gabriel\Documents\PersonalStuff\KroilonGamification\KroilonApiV2\src\config\types.ts
FNF:0
FNH:0
DA:1,4
DA:11,4
LF:2
LH:2
BRF:0
BRH:0
end_of_record
